{"/Users/omairwaleed/Documents/craft-crew/src/app.controller.ts": {"path":"/Users/omairwaleed/Documents/craft-crew/src/app.controller.ts","statementMap":{"0":{"start":{"line":1,"column":0},"end":{"line":1,"column":49}},"1":{"start":{"line":2,"column":0},"end":{"line":2,"column":47}},"2":{"start":{"line":3,"column":0},"end":{"line":3,"column":43}},"3":{"start":{"line":6,"column":7},"end":{"line":14,"column":null}},"4":{"start":{"line":7,"column":31},"end":{"line":7,"column":43}},"5":{"start":{"line":12,"column":4},"end":{"line":12,"column":38}},"6":{"start":{"line":6,"column":13},"end":{"line":6,"column":26}},"7":{"start":{"line":11,"column":2},"end":{"line":13,"column":null}},"8":{"start":{"line":6,"column":13},"end":{"line":14,"column":null}}},"fnMap":{"0":{"name":"(anonymous_2)","decl":{"start":{"line":7,"column":2},"end":{"line":7,"column":31}},"loc":{"start":{"line":7,"column":53},"end":{"line":7,"column":57}}},"1":{"name":"(anonymous_3)","decl":{"start":{"line":11,"column":2},"end":{"line":11,"column":10}},"loc":{"start":{"line":11,"column":10},"end":{"line":13,"column":3}}}},"branchMap":{"0":{"loc":{"start":{"line":7,"column":43},"end":{"line":7,"column":56}},"type":"cond-expr","locations":[{"start":{"line":7,"column":53},"end":{"line":7,"column":56}},{"start":{"line":7,"column":53},"end":{"line":7,"column":56}}]},"1":{"loc":{"start":{"line":7,"column":43},"end":{"line":7,"column":53}},"type":"binary-expr","locations":[{"start":{"line":7,"column":43},"end":{"line":7,"column":56}},{"start":{"line":7,"column":43},"end":{"line":7,"column":53}}]}},"s":{"0":0,"1":0,"2":0,"3":0,"4":0,"5":0,"6":0,"7":0,"8":0},"f":{"0":0,"1":0},"b":{"0":[0,0],"1":[0,0]}}
,"/Users/omairwaleed/Documents/craft-crew/src/app.module.ts": {"path":"/Users/omairwaleed/Documents/craft-crew/src/app.module.ts","statementMap":{"0":{"start":{"line":1,"column":0},"end":{"line":1,"column":72}},"1":{"start":{"line":2,"column":0},"end":{"line":2,"column":49}},"2":{"start":{"line":3,"column":0},"end":{"line":3,"column":43}},"3":{"start":{"line":4,"column":0},"end":{"line":4,"column":88}},"4":{"start":{"line":5,"column":0},"end":{"line":5,"column":80}},"5":{"start":{"line":6,"column":0},"end":{"line":6,"column":56}},"6":{"start":{"line":7,"column":0},"end":{"line":7,"column":65}},"7":{"start":{"line":8,"column":0},"end":{"line":8,"column":88}},"8":{"start":{"line":9,"column":0},"end":{"line":9,"column":62}},"9":{"start":{"line":10,"column":0},"end":{"line":10,"column":54}},"10":{"start":{"line":11,"column":0},"end":{"line":11,"column":60}},"11":{"start":{"line":26,"column":7},"end":{"line":30,"column":null}},"12":{"start":{"line":28,"column":4},"end":{"line":28,"column":59}},"13":{"start":{"line":26,"column":13},"end":{"line":26,"column":22}},"14":{"start":{"line":26,"column":13},"end":{"line":30,"column":null}}},"fnMap":{"0":{"name":"(anonymous_1)","decl":{"start":{"line":27,"column":2},"end":{"line":27,"column":11}},"loc":{"start":{"line":27,"column":40},"end":{"line":29,"column":3}}}},"branchMap":{},"s":{"0":0,"1":0,"2":0,"3":0,"4":0,"5":0,"6":0,"7":0,"8":0,"9":0,"10":0,"11":0,"12":0,"13":0,"14":0},"f":{"0":0},"b":{}}
,"/Users/omairwaleed/Documents/craft-crew/src/app.service.ts": {"path":"/Users/omairwaleed/Documents/craft-crew/src/app.service.ts","statementMap":{"0":{"start":{"line":1,"column":0},"end":{"line":1,"column":44}},"1":{"start":{"line":4,"column":7},"end":{"line":8,"column":null}},"2":{"start":{"line":6,"column":4},"end":{"line":6,"column":38}},"3":{"start":{"line":4,"column":13},"end":{"line":4,"column":23}},"4":{"start":{"line":4,"column":13},"end":{"line":8,"column":null}}},"fnMap":{"0":{"name":"(anonymous_1)","decl":{"start":{"line":5,"column":2},"end":{"line":5,"column":10}},"loc":{"start":{"line":5,"column":10},"end":{"line":7,"column":3}}}},"branchMap":{},"s":{"0":0,"1":0,"2":0,"3":0,"4":0},"f":{"0":0},"b":{}}
,"/Users/omairwaleed/Documents/craft-crew/src/main.ts": {"path":"/Users/omairwaleed/Documents/craft-crew/src/main.ts","statementMap":{"0":{"start":{"line":1,"column":0},"end":{"line":1,"column":23}},"1":{"start":{"line":2,"column":0},"end":{"line":2,"column":48}},"2":{"start":{"line":3,"column":0},"end":{"line":3,"column":43}},"3":{"start":{"line":4,"column":0},"end":{"line":4,"column":65}},"4":{"start":{"line":6,"column":0},"end":{"line":6,"column":41}},"5":{"start":{"line":7,"column":0},"end":{"line":7,"column":77}},"6":{"start":{"line":10,"column":14},"end":{"line":10,"column":49}},"7":{"start":{"line":11,"column":2},"end":{"line":11,"column":50}},"8":{"start":{"line":13,"column":2},"end":{"line":28,"column":5}},"9":{"start":{"line":14,"column":4},"end":{"line":14,"column":79}},"10":{"start":{"line":15,"column":4},"end":{"line":15,"column":59}},"11":{"start":{"line":16,"column":4},"end":{"line":19,"column":6}},"12":{"start":{"line":20,"column":4},"end":{"line":20,"column":78}},"13":{"start":{"line":22,"column":4},"end":{"line":25,"column":5}},"14":{"start":{"line":23,"column":6},"end":{"line":23,"column":26}},"15":{"start":{"line":24,"column":6},"end":{"line":24,"column":13}},"16":{"start":{"line":27,"column":4},"end":{"line":27,"column":11}},"17":{"start":{"line":30,"column":2},"end":{"line":36,"column":4}},"18":{"start":{"line":38,"column":24},"end":{"line":43,"column":12}},"19":{"start":{"line":45,"column":26},"end":{"line":45,"column":74}},"20":{"start":{"line":46,"column":2},"end":{"line":46,"column":56}},"21":{"start":{"line":48,"column":2},"end":{"line":48,"column":45}},"22":{"start":{"line":51,"column":0},"end":{"line":51,"column":12}}},"fnMap":{"0":{"name":"bootstrap","decl":{"start":{"line":9,"column":15},"end":{"line":9,"column":24}},"loc":{"start":{"line":9,"column":24},"end":{"line":49,"column":1}}},"1":{"name":"(anonymous_1)","decl":{"start":{"line":13,"column":10},"end":{"line":13,"column":11}},"loc":{"start":{"line":13,"column":62},"end":{"line":28,"column":3}}}},"branchMap":{"0":{"loc":{"start":{"line":14,"column":46},"end":{"line":14,"column":77}},"type":"binary-expr","locations":[{"start":{"line":14,"column":46},"end":{"line":14,"column":70}},{"start":{"line":14,"column":74},"end":{"line":14,"column":77}}]},"1":{"loc":{"start":{"line":22,"column":4},"end":{"line":25,"column":5}},"type":"if","locations":[{"start":{"line":22,"column":4},"end":{"line":25,"column":5}},{"start":{},"end":{}}]},"2":{"loc":{"start":{"line":48,"column":19},"end":{"line":48,"column":43}},"type":"binary-expr","locations":[{"start":{"line":48,"column":19},"end":{"line":48,"column":35}},{"start":{"line":48,"column":39},"end":{"line":48,"column":43}}]}},"s":{"0":0,"1":0,"2":0,"3":0,"4":0,"5":0,"6":0,"7":0,"8":0,"9":0,"10":0,"11":0,"12":0,"13":0,"14":0,"15":0,"16":0,"17":0,"18":0,"19":0,"20":0,"21":0,"22":0},"f":{"0":0,"1":0},"b":{"0":[0,0],"1":[0,0],"2":[0,0]}}
,"/Users/omairwaleed/Documents/craft-crew/src/common/filters/all-exceptions.filter.ts": {"path":"/Users/omairwaleed/Documents/craft-crew/src/common/filters/all-exceptions.filter.ts","statementMap":{"0":{"start":{"line":1,"column":0},"end":{"line":1,"column":null}},"1":{"start":{"line":12,"column":7},"end":{"line":47,"column":null}},"2":{"start":{"line":13,"column":28},"end":{"line":13,"column":59}},"3":{"start":{"line":16,"column":16},"end":{"line":16,"column":35}},"4":{"start":{"line":17,"column":21},"end":{"line":17,"column":48}},"5":{"start":{"line":18,"column":20},"end":{"line":18,"column":45}},"6":{"start":{"line":20,"column":28},"end":{"line":20,"column":62}},"7":{"start":{"line":21,"column":19},"end":{"line":23,"column":40}},"8":{"start":{"line":24,"column":17},"end":{"line":26,"column":44}},"9":{"start":{"line":28,"column":23},"end":{"line":30,"column":46}},"10":{"start":{"line":32,"column":4},"end":{"line":39,"column":5}},"11":{"start":{"line":33,"column":6},"end":{"line":36,"column":8}},"12":{"start":{"line":38,"column":6},"end":{"line":38,"column":35}},"13":{"start":{"line":41,"column":4},"end":{"line":45,"column":6}},"14":{"start":{"line":12,"column":13},"end":{"line":12,"column":32}},"15":{"start":{"line":12,"column":13},"end":{"line":47,"column":null}}},"fnMap":{"0":{"name":"(anonymous_1)","decl":{"start":{"line":15,"column":2},"end":{"line":15,"column":7}},"loc":{"start":{"line":15,"column":47},"end":{"line":46,"column":3}}}},"branchMap":{"0":{"loc":{"start":{"line":21,"column":19},"end":{"line":23,"column":40}},"type":"cond-expr","locations":[{"start":{"line":22,"column":8},"end":{"line":22,"column":29}},{"start":{"line":23,"column":8},"end":{"line":23,"column":40}}]},"1":{"loc":{"start":{"line":24,"column":17},"end":{"line":26,"column":44}},"type":"cond-expr","locations":[{"start":{"line":25,"column":8},"end":{"line":25,"column":31}},{"start":{"line":26,"column":8},"end":{"line":26,"column":44}}]},"2":{"loc":{"start":{"line":32,"column":4},"end":{"line":39,"column":5}},"type":"if","locations":[{"start":{"line":32,"column":4},"end":{"line":39,"column":5}},{"start":{"line":37,"column":11},"end":{"line":39,"column":5}}]},"3":{"loc":{"start":{"line":35,"column":8},"end":{"line":35,"column":64}},"type":"cond-expr","locations":[{"start":{"line":35,"column":37},"end":{"line":35,"column":52}},{"start":{"line":35,"column":55},"end":{"line":35,"column":64}}]},"4":{"loc":{"start":{"line":42,"column":6},"end":{"line":44,"column":41}},"type":"cond-expr","locations":[{"start":{"line":43,"column":10},"end":{"line":43,"column":47}},{"start":{"line":44,"column":10},"end":{"line":44,"column":41}}]}},"s":{"0":0,"1":0,"2":0,"3":0,"4":0,"5":0,"6":0,"7":0,"8":0,"9":0,"10":0,"11":0,"12":0,"13":0,"14":0,"15":0},"f":{"0":0},"b":{"0":[0,0],"1":[0,0],"2":[0,0],"3":[0,0],"4":[0,0]}}
,"/Users/omairwaleed/Documents/craft-crew/src/common/middleware/request-logger.middleware.ts": {"path":"/Users/omairwaleed/Documents/craft-crew/src/common/middleware/request-logger.middleware.ts","statementMap":{"0":{"start":{"line":1,"column":0},"end":{"line":1,"column":68}},"1":{"start":{"line":5,"column":7},"end":{"line":28,"column":null}},"2":{"start":{"line":6,"column":28},"end":{"line":6,"column":46}},"3":{"start":{"line":9,"column":36},"end":{"line":9,"column":39}},"4":{"start":{"line":10,"column":18},"end":{"line":10,"column":28}},"5":{"start":{"line":12,"column":4},"end":{"line":24,"column":7}},"6":{"start":{"line":13,"column":29},"end":{"line":13,"column":32}},"7":{"start":{"line":14,"column":23},"end":{"line":14,"column":41}},"8":{"start":{"line":15,"column":22},"end":{"line":15,"column":78}},"9":{"start":{"line":17,"column":6},"end":{"line":23,"column":7}},"10":{"start":{"line":18,"column":8},"end":{"line":18,"column":35}},"11":{"start":{"line":19,"column":13},"end":{"line":23,"column":7}},"12":{"start":{"line":20,"column":8},"end":{"line":20,"column":34}},"13":{"start":{"line":22,"column":8},"end":{"line":22,"column":33}},"14":{"start":{"line":26,"column":4},"end":{"line":26,"column":11}},"15":{"start":{"line":5,"column":13},"end":{"line":5,"column":36}},"16":{"start":{"line":5,"column":13},"end":{"line":28,"column":null}}},"fnMap":{"0":{"name":"(anonymous_1)","decl":{"start":{"line":8,"column":2},"end":{"line":8,"column":5}},"loc":{"start":{"line":8,"column":53},"end":{"line":27,"column":3}}},"1":{"name":"(anonymous_2)","decl":{"start":{"line":12,"column":21},"end":{"line":12,"column":24}},"loc":{"start":{"line":12,"column":26},"end":{"line":24,"column":5}}}},"branchMap":{"0":{"loc":{"start":{"line":17,"column":6},"end":{"line":23,"column":7}},"type":"if","locations":[{"start":{"line":17,"column":6},"end":{"line":23,"column":7}},{"start":{"line":19,"column":13},"end":{"line":23,"column":7}}]},"1":{"loc":{"start":{"line":19,"column":13},"end":{"line":23,"column":7}},"type":"if","locations":[{"start":{"line":19,"column":13},"end":{"line":23,"column":7}},{"start":{"line":21,"column":13},"end":{"line":23,"column":7}}]}},"s":{"0":0,"1":0,"2":0,"3":0,"4":0,"5":0,"6":0,"7":0,"8":0,"9":0,"10":0,"11":0,"12":0,"13":0,"14":0,"15":0,"16":0},"f":{"0":0,"1":0},"b":{"0":[0,0],"1":[0,0]}}
,"/Users/omairwaleed/Documents/craft-crew/src/modules/appointments/appointments.controller.ts": {"path":"/Users/omairwaleed/Documents/craft-crew/src/modules/appointments/appointments.controller.ts","statementMap":{"0":{"start":{"line":1,"column":0},"end":{"line":1,"column":null}},"1":{"start":{"line":12,"column":0},"end":{"line":12,"column":71}},"2":{"start":{"line":13,"column":0},"end":{"line":13,"column":71}},"3":{"start":{"line":14,"column":0},"end":{"line":14,"column":61}},"4":{"start":{"line":15,"column":0},"end":{"line":15,"column":68}},"5":{"start":{"line":16,"column":0},"end":{"line":16,"column":77}},"6":{"start":{"line":17,"column":0},"end":{"line":17,"column":81}},"7":{"start":{"line":23,"column":7},"end":{"line":46,"column":null}},"8":{"start":{"line":24,"column":31},"end":{"line":24,"column":52}},"9":{"start":{"line":29,"column":4},"end":{"line":29,"column":48}},"10":{"start":{"line":35,"column":4},"end":{"line":35,"column":51}},"11":{"start":{"line":44,"column":4},"end":{"line":44,"column":58}},"12":{"start":{"line":23,"column":13},"end":{"line":23,"column":35}},"13":{"start":{"line":28,"column":2},"end":{"line":30,"column":null}},"14":{"start":{"line":34,"column":2},"end":{"line":36,"column":null}},"15":{"start":{"line":40,"column":2},"end":{"line":45,"column":null}},"16":{"start":{"line":23,"column":13},"end":{"line":46,"column":null}}},"fnMap":{"0":{"name":"(anonymous_4)","decl":{"start":{"line":24,"column":2},"end":{"line":24,"column":31}},"loc":{"start":{"line":24,"column":71},"end":{"line":24,"column":75}}},"1":{"name":"(anonymous_5)","decl":{"start":{"line":28,"column":2},"end":{"line":28,"column":8}},"loc":{"start":{"line":28,"column":42},"end":{"line":30,"column":3}}},"2":{"name":"(anonymous_6)","decl":{"start":{"line":34,"column":2},"end":{"line":34,"column":9}},"loc":{"start":{"line":34,"column":50},"end":{"line":36,"column":3}}},"3":{"name":"(anonymous_7)","decl":{"start":{"line":40,"column":2},"end":{"line":40,"column":14}},"loc":{"start":{"line":42,"column":43},"end":{"line":45,"column":3}}}},"branchMap":{"0":{"loc":{"start":{"line":28,"column":22},"end":{"line":28,"column":null}},"type":"cond-expr","locations":[{"start":{"line":28,"column":42},"end":{"line":28,"column":null}},{"start":{"line":28,"column":42},"end":{"line":28,"column":null}}]},"1":{"loc":{"start":{"line":28,"column":22},"end":{"line":28,"column":42}},"type":"binary-expr","locations":[{"start":{"line":28,"column":22},"end":{"line":28,"column":null}},{"start":{"line":28,"column":22},"end":{"line":28,"column":42}}]},"2":{"loc":{"start":{"line":34,"column":26},"end":{"line":34,"column":null}},"type":"cond-expr","locations":[{"start":{"line":34,"column":50},"end":{"line":34,"column":null}},{"start":{"line":34,"column":50},"end":{"line":34,"column":null}}]},"3":{"loc":{"start":{"line":34,"column":26},"end":{"line":34,"column":50}},"type":"binary-expr","locations":[{"start":{"line":34,"column":26},"end":{"line":34,"column":null}},{"start":{"line":34,"column":26},"end":{"line":34,"column":50}}]},"4":{"loc":{"start":{"line":42,"column":17},"end":{"line":42,"column":null}},"type":"cond-expr","locations":[{"start":{"line":42,"column":43},"end":{"line":42,"column":null}},{"start":{"line":42,"column":43},"end":{"line":42,"column":null}}]},"5":{"loc":{"start":{"line":42,"column":17},"end":{"line":42,"column":43}},"type":"binary-expr","locations":[{"start":{"line":42,"column":17},"end":{"line":42,"column":null}},{"start":{"line":42,"column":17},"end":{"line":42,"column":43}}]},"6":{"loc":{"start":{"line":24,"column":52},"end":{"line":24,"column":74}},"type":"cond-expr","locations":[{"start":{"line":24,"column":71},"end":{"line":24,"column":74}},{"start":{"line":24,"column":71},"end":{"line":24,"column":74}}]},"7":{"loc":{"start":{"line":24,"column":52},"end":{"line":24,"column":71}},"type":"binary-expr","locations":[{"start":{"line":24,"column":52},"end":{"line":24,"column":74}},{"start":{"line":24,"column":52},"end":{"line":24,"column":71}}]}},"s":{"0":0,"1":0,"2":0,"3":0,"4":0,"5":0,"6":0,"7":0,"8":0,"9":0,"10":0,"11":0,"12":0,"13":0,"14":0,"15":0,"16":0},"f":{"0":0,"1":0,"2":0,"3":0},"b":{"0":[0,0],"1":[0,0],"2":[0,0],"3":[0,0],"4":[0,0],"5":[0,0],"6":[0,0],"7":[0,0]}}
,"/Users/omairwaleed/Documents/craft-crew/src/modules/appointments/appointments.module.ts": {"path":"/Users/omairwaleed/Documents/craft-crew/src/modules/appointments/appointments.module.ts","statementMap":{"0":{"start":{"line":1,"column":0},"end":{"line":1,"column":40}},"1":{"start":{"line":2,"column":0},"end":{"line":2,"column":49}},"2":{"start":{"line":3,"column":0},"end":{"line":3,"column":67}},"3":{"start":{"line":4,"column":0},"end":{"line":4,"column":67}},"4":{"start":{"line":5,"column":0},"end":{"line":5,"column":61}},"5":{"start":{"line":13,"column":7},"end":{"line":13,"column":null}},"6":{"start":{"line":13,"column":13},"end":{"line":13,"column":31}},"7":{"start":{"line":13,"column":13},"end":{"line":13,"column":null}}},"fnMap":{},"branchMap":{},"s":{"0":0,"1":0,"2":0,"3":0,"4":0,"5":0,"6":0,"7":0},"f":{},"b":{}}
,"/Users/omairwaleed/Documents/craft-crew/src/modules/appointments/appointments.repository.ts": {"path":"/Users/omairwaleed/Documents/craft-crew/src/modules/appointments/appointments.repository.ts","statementMap":{"0":{"start":{"line":1,"column":0},"end":{"line":1,"column":44}},"1":{"start":{"line":2,"column":0},"end":{"line":2,"column":59}},"2":{"start":{"line":3,"column":0},"end":{"line":3,"column":60}},"3":{"start":{"line":6,"column":7},"end":{"line":59,"column":null}},"4":{"start":{"line":7,"column":31},"end":{"line":7,"column":39}},"5":{"start":{"line":10,"column":4},"end":{"line":10,"column":52}},"6":{"start":{"line":14,"column":4},"end":{"line":19,"column":7}},"7":{"start":{"line":23,"column":4},"end":{"line":26,"column":7}},"8":{"start":{"line":30,"column":4},"end":{"line":30,"column":67}},"9":{"start":{"line":35,"column":4},"end":{"line":43,"column":7}},"10":{"start":{"line":47,"column":4},"end":{"line":50,"column":7}},"11":{"start":{"line":54,"column":4},"end":{"line":57,"column":7}},"12":{"start":{"line":6,"column":13},"end":{"line":6,"column":35}},"13":{"start":{"line":6,"column":13},"end":{"line":59,"column":null}}},"fnMap":{"0":{"name":"(anonymous_2)","decl":{"start":{"line":7,"column":2},"end":{"line":7,"column":31}},"loc":{"start":{"line":7,"column":52},"end":{"line":7,"column":57}}},"1":{"name":"(anonymous_3)","decl":{"start":{"line":9,"column":2},"end":{"line":9,"column":8}},"loc":{"start":{"line":9,"column":53},"end":{"line":11,"column":3}}},"2":{"name":"(anonymous_4)","decl":{"start":{"line":13,"column":2},"end":{"line":13,"column":10}},"loc":{"start":{"line":13,"column":51},"end":{"line":20,"column":3}}},"3":{"name":"(anonymous_5)","decl":{"start":{"line":22,"column":2},"end":{"line":22,"column":10}},"loc":{"start":{"line":22,"column":21},"end":{"line":27,"column":3}}},"4":{"name":"(anonymous_6)","decl":{"start":{"line":29,"column":2},"end":{"line":29,"column":8}},"loc":{"start":{"line":29,"column":65},"end":{"line":31,"column":3}}},"5":{"name":"(anonymous_7)","decl":{"start":{"line":34,"column":2},"end":{"line":34,"column":17}},"loc":{"start":{"line":34,"column":64},"end":{"line":44,"column":3}}},"6":{"name":"(anonymous_8)","decl":{"start":{"line":46,"column":2},"end":{"line":46,"column":14}},"loc":{"start":{"line":46,"column":31},"end":{"line":51,"column":3}}},"7":{"name":"(anonymous_9)","decl":{"start":{"line":53,"column":2},"end":{"line":53,"column":19}},"loc":{"start":{"line":53,"column":30},"end":{"line":58,"column":3}}}},"branchMap":{"0":{"loc":{"start":{"line":13,"column":11},"end":{"line":13,"column":51}},"type":"default-arg","locations":[{"start":{"line":13,"column":49},"end":{"line":13,"column":51}}]},"1":{"loc":{"start":{"line":7,"column":39},"end":{"line":7,"column":56}},"type":"cond-expr","locations":[{"start":{"line":7,"column":52},"end":{"line":7,"column":56}},{"start":{"line":7,"column":52},"end":{"line":7,"column":56}}]},"2":{"loc":{"start":{"line":7,"column":39},"end":{"line":7,"column":52}},"type":"binary-expr","locations":[{"start":{"line":7,"column":39},"end":{"line":7,"column":56}},{"start":{"line":7,"column":39},"end":{"line":7,"column":52}}]}},"s":{"0":1,"1":1,"2":1,"3":1,"4":0,"5":0,"6":0,"7":0,"8":0,"9":0,"10":0,"11":0,"12":1,"13":1},"f":{"0":0,"1":0,"2":0,"3":0,"4":0,"5":0,"6":0,"7":0},"b":{"0":[0],"1":[1,0],"2":[1,1]}}
,"/Users/omairwaleed/Documents/craft-crew/src/modules/appointments/appointments.service.ts": {"path":"/Users/omairwaleed/Documents/craft-crew/src/modules/appointments/appointments.service.ts","statementMap":{"0":{"start":{"line":1,"column":0},"end":{"line":1,"column":null}},"1":{"start":{"line":7,"column":0},"end":{"line":7,"column":40}},"2":{"start":{"line":8,"column":0},"end":{"line":8,"column":67}},"3":{"start":{"line":14,"column":7},"end":{"line":113,"column":null}},"4":{"start":{"line":15,"column":31},"end":{"line":15,"column":45}},"5":{"start":{"line":18,"column":21},"end":{"line":18,"column":70}},"6":{"start":{"line":20,"column":4},"end":{"line":24,"column":5}},"7":{"start":{"line":21,"column":6},"end":{"line":23,"column":8}},"8":{"start":{"line":25,"column":19},"end":{"line":25,"column":69}},"9":{"start":{"line":27,"column":4},"end":{"line":29,"column":5}},"10":{"start":{"line":28,"column":6},"end":{"line":28,"column":83}},"11":{"start":{"line":33,"column":21},"end":{"line":33,"column":43}},"12":{"start":{"line":34,"column":19},"end":{"line":34,"column":78}},"13":{"start":{"line":36,"column":21},"end":{"line":39,"column":null}},"14":{"start":{"line":42,"column":4},"end":{"line":46,"column":5}},"15":{"start":{"line":43,"column":6},"end":{"line":45,"column":8}},"16":{"start":{"line":48,"column":4},"end":{"line":68,"column":5}},"17":{"start":{"line":49,"column":6},"end":{"line":56,"column":9}},"18":{"start":{"line":60,"column":6},"end":{"line":65,"column":7}},"19":{"start":{"line":64,"column":8},"end":{"line":64,"column":83}},"20":{"start":{"line":67,"column":6},"end":{"line":67,"column":18}},"21":{"start":{"line":72,"column":50},"end":{"line":72,"column":52}},"22":{"start":{"line":74,"column":4},"end":{"line":76,"column":5}},"23":{"start":{"line":75,"column":6},"end":{"line":75,"column":40}},"24":{"start":{"line":78,"column":4},"end":{"line":80,"column":5}},"25":{"start":{"line":79,"column":6},"end":{"line":79,"column":36}},"26":{"start":{"line":82,"column":4},"end":{"line":93,"column":5}},"27":{"start":{"line":83,"column":23},"end":{"line":83,"column":62}},"28":{"start":{"line":85,"column":6},"end":{"line":87,"column":7}},"29":{"start":{"line":86,"column":8},"end":{"line":86,"column":75}},"30":{"start":{"line":89,"column":21},"end":{"line":89,"column":39}},"31":{"start":{"line":90,"column":6},"end":{"line":90,"column":49}},"32":{"start":{"line":92,"column":6},"end":{"line":92,"column":55}},"33":{"start":{"line":95,"column":4},"end":{"line":95,"column":47}},"34":{"start":{"line":99,"column":24},"end":{"line":99,"column":60}},"35":{"start":{"line":101,"column":4},"end":{"line":103,"column":5}},"36":{"start":{"line":102,"column":6},"end":{"line":102,"column":60}},"37":{"start":{"line":105,"column":4},"end":{"line":105,"column":23}},"38":{"start":{"line":109,"column":4},"end":{"line":109,"column":27}},"39":{"start":{"line":111,"column":4},"end":{"line":111,"column":64}},"40":{"start":{"line":14,"column":13},"end":{"line":14,"column":32}},"41":{"start":{"line":14,"column":13},"end":{"line":113,"column":null}}},"fnMap":{"0":{"name":"(anonymous_2)","decl":{"start":{"line":15,"column":2},"end":{"line":15,"column":31}},"loc":{"start":{"line":15,"column":67},"end":{"line":15,"column":72}}},"1":{"name":"(anonymous_3)","decl":{"start":{"line":17,"column":2},"end":{"line":17,"column":7}},"loc":{"start":{"line":17,"column":40},"end":{"line":69,"column":3}}},"2":{"name":"(anonymous_4)","decl":{"start":{"line":71,"column":2},"end":{"line":71,"column":9}},"loc":{"start":{"line":71,"column":46},"end":{"line":96,"column":3}}},"3":{"name":"(anonymous_5)","decl":{"start":{"line":98,"column":2},"end":{"line":98,"column":7}},"loc":{"start":{"line":98,"column":26},"end":{"line":106,"column":3}}},"4":{"name":"(anonymous_6)","decl":{"start":{"line":108,"column":2},"end":{"line":108,"column":7}},"loc":{"start":{"line":108,"column":64},"end":{"line":112,"column":3}}}},"branchMap":{"0":{"loc":{"start":{"line":20,"column":4},"end":{"line":24,"column":5}},"type":"if","locations":[{"start":{"line":20,"column":4},"end":{"line":24,"column":5}},{"start":{},"end":{}}]},"1":{"loc":{"start":{"line":27,"column":4},"end":{"line":29,"column":5}},"type":"if","locations":[{"start":{"line":27,"column":4},"end":{"line":29,"column":5}},{"start":{},"end":{}}]},"2":{"loc":{"start":{"line":42,"column":4},"end":{"line":46,"column":5}},"type":"if","locations":[{"start":{"line":42,"column":4},"end":{"line":46,"column":5}},{"start":{},"end":{}}]},"3":{"loc":{"start":{"line":60,"column":6},"end":{"line":65,"column":7}},"type":"if","locations":[{"start":{"line":60,"column":6},"end":{"line":65,"column":7}},{"start":{},"end":{}}]},"4":{"loc":{"start":{"line":61,"column":8},"end":{"line":62,"column":30}},"type":"binary-expr","locations":[{"start":{"line":61,"column":8},"end":{"line":61,"column":61}},{"start":{"line":62,"column":8},"end":{"line":62,"column":30}}]},"5":{"loc":{"start":{"line":71,"column":10},"end":{"line":71,"column":46}},"type":"default-arg","locations":[{"start":{"line":71,"column":44},"end":{"line":71,"column":46}}]},"6":{"loc":{"start":{"line":74,"column":4},"end":{"line":76,"column":5}},"type":"if","locations":[{"start":{"line":74,"column":4},"end":{"line":76,"column":5}},{"start":{},"end":{}}]},"7":{"loc":{"start":{"line":78,"column":4},"end":{"line":80,"column":5}},"type":"if","locations":[{"start":{"line":78,"column":4},"end":{"line":80,"column":5}},{"start":{},"end":{}}]},"8":{"loc":{"start":{"line":82,"column":4},"end":{"line":93,"column":5}},"type":"if","locations":[{"start":{"line":82,"column":4},"end":{"line":93,"column":5}},{"start":{},"end":{}}]},"9":{"loc":{"start":{"line":85,"column":6},"end":{"line":87,"column":7}},"type":"if","locations":[{"start":{"line":85,"column":6},"end":{"line":87,"column":7}},{"start":{},"end":{}}]},"10":{"loc":{"start":{"line":101,"column":4},"end":{"line":103,"column":5}},"type":"if","locations":[{"start":{"line":101,"column":4},"end":{"line":103,"column":5}},{"start":{},"end":{}}]},"11":{"loc":{"start":{"line":15,"column":45},"end":{"line":15,"column":71}},"type":"cond-expr","locations":[{"start":{"line":15,"column":67},"end":{"line":15,"column":71}},{"start":{"line":15,"column":67},"end":{"line":15,"column":71}}]},"12":{"loc":{"start":{"line":15,"column":45},"end":{"line":15,"column":67}},"type":"binary-expr","locations":[{"start":{"line":15,"column":45},"end":{"line":15,"column":71}},{"start":{"line":15,"column":45},"end":{"line":15,"column":67}}]}},"s":{"0":1,"1":1,"2":1,"3":1,"4":7,"5":8,"6":8,"7":1,"8":7,"9":7,"10":1,"11":6,"12":6,"13":6,"14":6,"15":1,"16":5,"17":5,"18":3,"19":2,"20":1,"21":0,"22":0,"23":0,"24":0,"25":0,"26":0,"27":0,"28":0,"29":0,"30":0,"31":0,"32":0,"33":0,"34":0,"35":0,"36":0,"37":0,"38":0,"39":0,"40":1,"41":1},"f":{"0":7,"1":8,"2":0,"3":0,"4":0},"b":{"0":[1,7],"1":[1,6],"2":[1,5],"3":[2,1],"4":[3,2],"5":[0],"6":[0,0],"7":[0,0],"8":[0,0],"9":[0,0],"10":[0,0],"11":[1,0],"12":[1,1]}}
,"/Users/omairwaleed/Documents/craft-crew/src/modules/appointments/dto/create-appointment.dto.ts": {"path":"/Users/omairwaleed/Documents/craft-crew/src/modules/appointments/dto/create-appointment.dto.ts","statementMap":{"0":{"start":{"line":1,"column":0},"end":{"line":1,"column":67}},"1":{"start":{"line":2,"column":0},"end":{"line":2,"column":null}},"2":{"start":{"line":12,"column":0},"end":{"line":12,"column":13}},"3":{"start":{"line":15,"column":2},"end":{"line":15,"column":null}},"4":{"start":{"line":20,"column":2},"end":{"line":20,"column":null}},"5":{"start":{"line":24,"column":2},"end":{"line":24,"column":null}},"6":{"start":{"line":28,"column":2},"end":{"line":28,"column":null}},"7":{"start":{"line":33,"column":2},"end":{"line":33,"column":null}},"8":{"start":{"line":38,"column":2},"end":{"line":38,"column":null}}},"fnMap":{},"branchMap":{},"s":{"0":0,"1":0,"2":0,"3":0,"4":0,"5":0,"6":0,"7":0,"8":0},"f":{},"b":{}}
,"/Users/omairwaleed/Documents/craft-crew/src/modules/appointments/dto/find-appointments-query.dto.ts": {"path":"/Users/omairwaleed/Documents/craft-crew/src/modules/appointments/dto/find-appointments-query.dto.ts","statementMap":{"0":{"start":{"line":1,"column":0},"end":{"line":1,"column":54}},"1":{"start":{"line":2,"column":0},"end":{"line":2,"column":51}},"2":{"start":{"line":3,"column":0},"end":{"line":3,"column":70}},"3":{"start":{"line":5,"column":0},"end":{"line":5,"column":13}},"4":{"start":{"line":12,"column":2},"end":{"line":12,"column":null}},"5":{"start":{"line":17,"column":2},"end":{"line":17,"column":null}},"6":{"start":{"line":22,"column":2},"end":{"line":22,"column":null}}},"fnMap":{},"branchMap":{"0":{"loc":{"start":{"line":22,"column":11},"end":{"line":22,"column":29}},"type":"cond-expr","locations":[{"start":{"line":22,"column":28},"end":{"line":22,"column":29}},{"start":{"line":22,"column":28},"end":{"line":22,"column":29}}]},"1":{"loc":{"start":{"line":22,"column":11},"end":{"line":22,"column":28}},"type":"binary-expr","locations":[{"start":{"line":22,"column":11},"end":{"line":22,"column":29}},{"start":{"line":22,"column":11},"end":{"line":22,"column":28}}]}},"s":{"0":0,"1":0,"2":0,"3":0,"4":0,"5":0,"6":0},"f":{},"b":{"0":[0,0],"1":[0,0]}}
,"/Users/omairwaleed/Documents/craft-crew/src/modules/appointments/dto/update-appointment-status.dto.ts": {"path":"/Users/omairwaleed/Documents/craft-crew/src/modules/appointments/dto/update-appointment-status.dto.ts","statementMap":{"0":{"start":{"line":1,"column":0},"end":{"line":1,"column":46}},"1":{"start":{"line":2,"column":0},"end":{"line":2,"column":51}},"2":{"start":{"line":3,"column":0},"end":{"line":3,"column":41}},"3":{"start":{"line":5,"column":0},"end":{"line":5,"column":13}},"4":{"start":{"line":8,"column":2},"end":{"line":8,"column":null}}},"fnMap":{},"branchMap":{"0":{"loc":{"start":{"line":8,"column":11},"end":{"line":8,"column":29}},"type":"cond-expr","locations":[{"start":{"line":8,"column":28},"end":{"line":8,"column":29}},{"start":{"line":8,"column":28},"end":{"line":8,"column":29}}]},"1":{"loc":{"start":{"line":8,"column":11},"end":{"line":8,"column":28}},"type":"binary-expr","locations":[{"start":{"line":8,"column":11},"end":{"line":8,"column":29}},{"start":{"line":8,"column":11},"end":{"line":8,"column":28}}]}},"s":{"0":0,"1":0,"2":0,"3":0,"4":0},"f":{},"b":{"0":[0,0],"1":[0,0]}}
,"/Users/omairwaleed/Documents/craft-crew/src/modules/auth/auth.controller.ts": {"path":"/Users/omairwaleed/Documents/craft-crew/src/modules/auth/auth.controller.ts","statementMap":{"0":{"start":{"line":1,"column":0},"end":{"line":1,"column":null}},"1":{"start":{"line":12,"column":0},"end":{"line":12,"column":null}},"2":{"start":{"line":18,"column":0},"end":{"line":18,"column":43}},"3":{"start":{"line":19,"column":0},"end":{"line":19,"column":65}},"4":{"start":{"line":20,"column":0},"end":{"line":20,"column":62}},"5":{"start":{"line":25,"column":7},"end":{"line":85,"column":null}},"6":{"start":{"line":26,"column":31},"end":{"line":26,"column":52}},"7":{"start":{"line":49,"column":30},"end":{"line":51,"column":null}},"8":{"start":{"line":54,"column":4},"end":{"line":64,"column":6}},"9":{"start":{"line":72,"column":21},"end":{"line":72,"column":33}},"10":{"start":{"line":74,"column":4},"end":{"line":76,"column":5}},"11":{"start":{"line":75,"column":6},"end":{"line":75,"column":69}},"12":{"start":{"line":78,"column":4},"end":{"line":83,"column":6}},"13":{"start":{"line":25,"column":13},"end":{"line":25,"column":27}},"14":{"start":{"line":48,"column":8},"end":{"line":65,"column":null}},"15":{"start":{"line":71,"column":2},"end":{"line":84,"column":null}},"16":{"start":{"line":25,"column":13},"end":{"line":85,"column":null}}},"fnMap":{"0":{"name":"(anonymous_4)","decl":{"start":{"line":26,"column":2},"end":{"line":26,"column":31}},"loc":{"start":{"line":26,"column":71},"end":{"line":26,"column":75}}},"1":{"name":"(anonymous_5)","decl":{"start":{"line":48,"column":8},"end":{"line":48,"column":13}},"loc":{"start":{"line":48,"column":35},"end":{"line":65,"column":3}}},"2":{"name":"(anonymous_6)","decl":{"start":{"line":71,"column":2},"end":{"line":71,"column":4}},"loc":{"start":{"line":71,"column":37},"end":{"line":84,"column":3}}}},"branchMap":{"0":{"loc":{"start":{"line":62,"column":14},"end":{"line":62,"column":46}},"type":"binary-expr","locations":[{"start":{"line":62,"column":14},"end":{"line":62,"column":38}},{"start":{"line":62,"column":42},"end":{"line":62,"column":46}}]},"1":{"loc":{"start":{"line":74,"column":4},"end":{"line":76,"column":5}},"type":"if","locations":[{"start":{"line":74,"column":4},"end":{"line":76,"column":5}},{"start":{},"end":{}}]},"2":{"loc":{"start":{"line":81,"column":12},"end":{"line":81,"column":48}},"type":"binary-expr","locations":[{"start":{"line":81,"column":12},"end":{"line":81,"column":40}},{"start":{"line":81,"column":44},"end":{"line":81,"column":48}}]},"3":{"loc":{"start":{"line":48,"column":27},"end":{"line":48,"column":null}},"type":"cond-expr","locations":[{"start":{"line":48,"column":35},"end":{"line":48,"column":null}},{"start":{"line":48,"column":35},"end":{"line":48,"column":null}}]},"4":{"loc":{"start":{"line":48,"column":27},"end":{"line":48,"column":35}},"type":"binary-expr","locations":[{"start":{"line":48,"column":27},"end":{"line":48,"column":null}},{"start":{"line":48,"column":27},"end":{"line":48,"column":35}}]},"5":{"loc":{"start":{"line":26,"column":52},"end":{"line":26,"column":74}},"type":"cond-expr","locations":[{"start":{"line":26,"column":71},"end":{"line":26,"column":74}},{"start":{"line":26,"column":71},"end":{"line":26,"column":74}}]},"6":{"loc":{"start":{"line":26,"column":52},"end":{"line":26,"column":71}},"type":"binary-expr","locations":[{"start":{"line":26,"column":52},"end":{"line":26,"column":74}},{"start":{"line":26,"column":52},"end":{"line":26,"column":71}}]}},"s":{"0":0,"1":0,"2":0,"3":0,"4":0,"5":0,"6":0,"7":0,"8":0,"9":0,"10":0,"11":0,"12":0,"13":0,"14":0,"15":0,"16":0},"f":{"0":0,"1":0,"2":0},"b":{"0":[0,0],"1":[0,0],"2":[0,0],"3":[0,0],"4":[0,0],"5":[0,0],"6":[0,0]}}
,"/Users/omairwaleed/Documents/craft-crew/src/modules/auth/auth.module.ts": {"path":"/Users/omairwaleed/Documents/craft-crew/src/modules/auth/auth.module.ts","statementMap":{"0":{"start":{"line":1,"column":0},"end":{"line":1,"column":40}},"1":{"start":{"line":2,"column":0},"end":{"line":2,"column":64}},"2":{"start":{"line":3,"column":0},"end":{"line":3,"column":51}},"3":{"start":{"line":4,"column":0},"end":{"line":4,"column":65}},"4":{"start":{"line":5,"column":0},"end":{"line":5,"column":62}},"5":{"start":{"line":13,"column":7},"end":{"line":13,"column":null}},"6":{"start":{"line":13,"column":13},"end":{"line":13,"column":23}},"7":{"start":{"line":13,"column":13},"end":{"line":13,"column":null}}},"fnMap":{},"branchMap":{},"s":{"0":0,"1":0,"2":0,"3":0,"4":0,"5":0,"6":0,"7":0},"f":{},"b":{}}
,"/Users/omairwaleed/Documents/craft-crew/src/modules/auth/supabase-auth.service.ts": {"path":"/Users/omairwaleed/Documents/craft-crew/src/modules/auth/supabase-auth.service.ts","statementMap":{"0":{"start":{"line":1,"column":0},"end":{"line":1,"column":null}},"1":{"start":{"line":7,"column":0},"end":{"line":7,"column":66}},"2":{"start":{"line":10,"column":7},"end":{"line":58,"column":null}},"3":{"start":{"line":11,"column":31},"end":{"line":11,"column":48}},"4":{"start":{"line":18,"column":6},"end":{"line":21,"column":8}},"5":{"start":{"line":23,"column":4},"end":{"line":25,"column":5}},"6":{"start":{"line":24,"column":6},"end":{"line":24,"column":68}},"7":{"start":{"line":27,"column":4},"end":{"line":27,"column":54}},"8":{"start":{"line":32,"column":6},"end":{"line":32,"column":65}},"9":{"start":{"line":34,"column":4},"end":{"line":36,"column":5}},"10":{"start":{"line":35,"column":6},"end":{"line":35,"column":74}},"11":{"start":{"line":38,"column":4},"end":{"line":38,"column":21}},"12":{"start":{"line":46,"column":23},"end":{"line":46,"column":48}},"13":{"start":{"line":48,"column":4},"end":{"line":53,"column":5}},"14":{"start":{"line":49,"column":26},"end":{"line":49,"column":58}},"15":{"start":{"line":50,"column":6},"end":{"line":52,"column":7}},"16":{"start":{"line":51,"column":8},"end":{"line":51,"column":27}},"17":{"start":{"line":10,"column":13},"end":{"line":10,"column":32}},"18":{"start":{"line":10,"column":13},"end":{"line":58,"column":null}}},"fnMap":{"0":{"name":"(anonymous_2)","decl":{"start":{"line":11,"column":2},"end":{"line":11,"column":31}},"loc":{"start":{"line":11,"column":63},"end":{"line":11,"column":68}}},"1":{"name":"(anonymous_3)","decl":{"start":{"line":13,"column":2},"end":{"line":13,"column":7}},"loc":{"start":{"line":15,"column":20},"end":{"line":28,"column":3}}},"2":{"name":"(anonymous_4)","decl":{"start":{"line":30,"column":2},"end":{"line":30,"column":7}},"loc":{"start":{"line":30,"column":45},"end":{"line":39,"column":3}}},"3":{"name":"(anonymous_5)","decl":{"start":{"line":43,"column":2},"end":{"line":43,"column":21}},"loc":{"start":{"line":45,"column":3},"end":{"line":55,"column":3}}}},"branchMap":{"0":{"loc":{"start":{"line":23,"column":4},"end":{"line":25,"column":5}},"type":"if","locations":[{"start":{"line":23,"column":4},"end":{"line":25,"column":5}},{"start":{},"end":{}}]},"1":{"loc":{"start":{"line":23,"column":8},"end":{"line":23,"column":44}},"type":"binary-expr","locations":[{"start":{"line":23,"column":8},"end":{"line":23,"column":13}},{"start":{"line":23,"column":17},"end":{"line":23,"column":30}},{"start":{"line":23,"column":34},"end":{"line":23,"column":44}}]},"2":{"loc":{"start":{"line":34,"column":4},"end":{"line":36,"column":5}},"type":"if","locations":[{"start":{"line":34,"column":4},"end":{"line":36,"column":5}},{"start":{},"end":{}}]},"3":{"loc":{"start":{"line":34,"column":8},"end":{"line":34,"column":27}},"type":"binary-expr","locations":[{"start":{"line":34,"column":8},"end":{"line":34,"column":13}},{"start":{"line":34,"column":17},"end":{"line":34,"column":27}}]},"4":{"loc":{"start":{"line":48,"column":4},"end":{"line":53,"column":5}},"type":"if","locations":[{"start":{"line":48,"column":4},"end":{"line":53,"column":5}},{"start":{},"end":{}}]},"5":{"loc":{"start":{"line":50,"column":6},"end":{"line":52,"column":7}},"type":"if","locations":[{"start":{"line":50,"column":6},"end":{"line":52,"column":7}},{"start":{},"end":{}}]},"6":{"loc":{"start":{"line":11,"column":48},"end":{"line":11,"column":67}},"type":"cond-expr","locations":[{"start":{"line":11,"column":63},"end":{"line":11,"column":67}},{"start":{"line":11,"column":63},"end":{"line":11,"column":67}}]},"7":{"loc":{"start":{"line":11,"column":48},"end":{"line":11,"column":63}},"type":"binary-expr","locations":[{"start":{"line":11,"column":48},"end":{"line":11,"column":67}},{"start":{"line":11,"column":48},"end":{"line":11,"column":63}}]}},"s":{"0":0,"1":0,"2":0,"3":0,"4":0,"5":0,"6":0,"7":0,"8":0,"9":0,"10":0,"11":0,"12":0,"13":0,"14":0,"15":0,"16":0,"17":0,"18":0},"f":{"0":0,"1":0,"2":0,"3":0},"b":{"0":[0,0],"1":[0,0,0],"2":[0,0],"3":[0,0],"4":[0,0],"5":[0,0],"6":[0,0],"7":[0,0]}}
,"/Users/omairwaleed/Documents/craft-crew/src/modules/auth/dto/login.dto.ts": {"path":"/Users/omairwaleed/Documents/craft-crew/src/modules/auth/dto/login.dto.ts","statementMap":{"0":{"start":{"line":1,"column":0},"end":{"line":1,"column":46}},"1":{"start":{"line":2,"column":0},"end":{"line":2,"column":63}},"2":{"start":{"line":4,"column":0},"end":{"line":4,"column":13}},"3":{"start":{"line":7,"column":2},"end":{"line":7,"column":null}},"4":{"start":{"line":12,"column":2},"end":{"line":12,"column":null}}},"fnMap":{},"branchMap":{},"s":{"0":0,"1":0,"2":0,"3":0,"4":0},"f":{},"b":{}}
,"/Users/omairwaleed/Documents/craft-crew/src/modules/auth/guards/supabase-auth.guard.ts": {"path":"/Users/omairwaleed/Documents/craft-crew/src/modules/auth/guards/supabase-auth.guard.ts","statementMap":{"0":{"start":{"line":1,"column":0},"end":{"line":1,"column":null}},"1":{"start":{"line":7,"column":0},"end":{"line":7,"column":63}},"2":{"start":{"line":11,"column":7},"end":{"line":30,"column":null}},"3":{"start":{"line":12,"column":31},"end":{"line":12,"column":52}},"4":{"start":{"line":15,"column":20},"end":{"line":17,"column":41}},"5":{"start":{"line":18,"column":18},"end":{"line":18,"column":71}},"6":{"start":{"line":20,"column":4},"end":{"line":22,"column":5}},"7":{"start":{"line":21,"column":6},"end":{"line":21,"column":63}},"8":{"start":{"line":24,"column":17},"end":{"line":24,"column":72}},"9":{"start":{"line":25,"column":4},"end":{"line":25,"column":30}},"10":{"start":{"line":26,"column":4},"end":{"line":26,"column":28}},"11":{"start":{"line":28,"column":4},"end":{"line":28,"column":16}},"12":{"start":{"line":11,"column":13},"end":{"line":11,"column":30}},"13":{"start":{"line":11,"column":13},"end":{"line":30,"column":null}}},"fnMap":{"0":{"name":"(anonymous_2)","decl":{"start":{"line":12,"column":2},"end":{"line":12,"column":31}},"loc":{"start":{"line":12,"column":71},"end":{"line":12,"column":75}}},"1":{"name":"(anonymous_3)","decl":{"start":{"line":14,"column":2},"end":{"line":14,"column":7}},"loc":{"start":{"line":14,"column":45},"end":{"line":29,"column":3}}}},"branchMap":{"0":{"loc":{"start":{"line":20,"column":4},"end":{"line":22,"column":5}},"type":"if","locations":[{"start":{"line":20,"column":4},"end":{"line":22,"column":5}},{"start":{},"end":{}}]},"1":{"loc":{"start":{"line":12,"column":52},"end":{"line":12,"column":74}},"type":"cond-expr","locations":[{"start":{"line":12,"column":71},"end":{"line":12,"column":74}},{"start":{"line":12,"column":71},"end":{"line":12,"column":74}}]},"2":{"loc":{"start":{"line":12,"column":52},"end":{"line":12,"column":71}},"type":"binary-expr","locations":[{"start":{"line":12,"column":52},"end":{"line":12,"column":74}},{"start":{"line":12,"column":52},"end":{"line":12,"column":71}}]}},"s":{"0":0,"1":0,"2":0,"3":0,"4":0,"5":0,"6":0,"7":0,"8":0,"9":0,"10":0,"11":0,"12":0,"13":0},"f":{"0":0,"1":0},"b":{"0":[0,0],"1":[0,0],"2":[0,0]}}
,"/Users/omairwaleed/Documents/craft-crew/src/modules/doctors/doctors.controller.ts": {"path":"/Users/omairwaleed/Documents/craft-crew/src/modules/doctors/doctors.controller.ts","statementMap":{"0":{"start":{"line":1,"column":0},"end":{"line":1,"column":null}},"1":{"start":{"line":10,"column":0},"end":{"line":10,"column":71}},"2":{"start":{"line":11,"column":0},"end":{"line":11,"column":71}},"3":{"start":{"line":12,"column":0},"end":{"line":12,"column":51}},"4":{"start":{"line":13,"column":0},"end":{"line":13,"column":58}},"5":{"start":{"line":19,"column":7},"end":{"line":39,"column":null}},"6":{"start":{"line":20,"column":31},"end":{"line":20,"column":47}},"7":{"start":{"line":25,"column":4},"end":{"line":25,"column":43}},"8":{"start":{"line":31,"column":4},"end":{"line":31,"column":41}},"9":{"start":{"line":37,"column":4},"end":{"line":37,"column":43}},"10":{"start":{"line":19,"column":13},"end":{"line":19,"column":30}},"11":{"start":{"line":24,"column":2},"end":{"line":26,"column":null}},"12":{"start":{"line":30,"column":2},"end":{"line":32,"column":null}},"13":{"start":{"line":36,"column":2},"end":{"line":38,"column":null}},"14":{"start":{"line":19,"column":13},"end":{"line":39,"column":null}}},"fnMap":{"0":{"name":"(anonymous_4)","decl":{"start":{"line":20,"column":2},"end":{"line":20,"column":31}},"loc":{"start":{"line":20,"column":61},"end":{"line":20,"column":65}}},"1":{"name":"(anonymous_5)","decl":{"start":{"line":24,"column":2},"end":{"line":24,"column":8}},"loc":{"start":{"line":24,"column":37},"end":{"line":26,"column":3}}},"2":{"name":"(anonymous_6)","decl":{"start":{"line":30,"column":2},"end":{"line":30,"column":9}},"loc":{"start":{"line":30,"column":9},"end":{"line":32,"column":3}}},"3":{"name":"(anonymous_7)","decl":{"start":{"line":36,"column":2},"end":{"line":36,"column":9}},"loc":{"start":{"line":36,"column":48},"end":{"line":38,"column":3}}}},"branchMap":{"0":{"loc":{"start":{"line":24,"column":22},"end":{"line":24,"column":null}},"type":"cond-expr","locations":[{"start":{"line":24,"column":37},"end":{"line":24,"column":null}},{"start":{"line":24,"column":37},"end":{"line":24,"column":null}}]},"1":{"loc":{"start":{"line":24,"column":22},"end":{"line":24,"column":37}},"type":"binary-expr","locations":[{"start":{"line":24,"column":22},"end":{"line":24,"column":null}},{"start":{"line":24,"column":22},"end":{"line":24,"column":37}}]},"2":{"loc":{"start":{"line":20,"column":47},"end":{"line":20,"column":64}},"type":"cond-expr","locations":[{"start":{"line":20,"column":61},"end":{"line":20,"column":64}},{"start":{"line":20,"column":61},"end":{"line":20,"column":64}}]},"3":{"loc":{"start":{"line":20,"column":47},"end":{"line":20,"column":61}},"type":"binary-expr","locations":[{"start":{"line":20,"column":47},"end":{"line":20,"column":64}},{"start":{"line":20,"column":47},"end":{"line":20,"column":61}}]}},"s":{"0":0,"1":0,"2":0,"3":0,"4":0,"5":0,"6":0,"7":0,"8":0,"9":0,"10":0,"11":0,"12":0,"13":0,"14":0},"f":{"0":0,"1":0,"2":0,"3":0},"b":{"0":[0,0],"1":[0,0],"2":[0,0],"3":[0,0]}}
,"/Users/omairwaleed/Documents/craft-crew/src/modules/doctors/doctors.module.ts": {"path":"/Users/omairwaleed/Documents/craft-crew/src/modules/doctors/doctors.module.ts","statementMap":{"0":{"start":{"line":1,"column":0},"end":{"line":1,"column":40}},"1":{"start":{"line":2,"column":0},"end":{"line":2,"column":49}},"2":{"start":{"line":3,"column":0},"end":{"line":3,"column":57}},"3":{"start":{"line":4,"column":0},"end":{"line":4,"column":57}},"4":{"start":{"line":5,"column":0},"end":{"line":5,"column":51}},"5":{"start":{"line":13,"column":7},"end":{"line":13,"column":null}},"6":{"start":{"line":13,"column":13},"end":{"line":13,"column":26}},"7":{"start":{"line":13,"column":13},"end":{"line":13,"column":null}}},"fnMap":{},"branchMap":{},"s":{"0":0,"1":0,"2":0,"3":0,"4":0,"5":0,"6":0,"7":0},"f":{},"b":{}}
,"/Users/omairwaleed/Documents/craft-crew/src/modules/doctors/doctors.repository.ts": {"path":"/Users/omairwaleed/Documents/craft-crew/src/modules/doctors/doctors.repository.ts","statementMap":{"0":{"start":{"line":1,"column":0},"end":{"line":1,"column":44}},"1":{"start":{"line":3,"column":0},"end":{"line":3,"column":60}},"2":{"start":{"line":6,"column":7},"end":{"line":24,"column":null}},"3":{"start":{"line":7,"column":31},"end":{"line":7,"column":39}},"4":{"start":{"line":10,"column":4},"end":{"line":10,"column":47}},"5":{"start":{"line":14,"column":4},"end":{"line":14,"column":69}},"6":{"start":{"line":18,"column":4},"end":{"line":18,"column":60}},"7":{"start":{"line":22,"column":4},"end":{"line":22,"column":82}},"8":{"start":{"line":6,"column":13},"end":{"line":6,"column":30}},"9":{"start":{"line":6,"column":13},"end":{"line":24,"column":null}}},"fnMap":{"0":{"name":"(anonymous_2)","decl":{"start":{"line":7,"column":2},"end":{"line":7,"column":31}},"loc":{"start":{"line":7,"column":52},"end":{"line":7,"column":56}}},"1":{"name":"(anonymous_3)","decl":{"start":{"line":9,"column":2},"end":{"line":9,"column":8}},"loc":{"start":{"line":9,"column":48},"end":{"line":11,"column":3}}},"2":{"name":"(anonymous_4)","decl":{"start":{"line":13,"column":2},"end":{"line":13,"column":10}},"loc":{"start":{"line":13,"column":10},"end":{"line":15,"column":3}}},"3":{"name":"(anonymous_5)","decl":{"start":{"line":17,"column":2},"end":{"line":17,"column":10}},"loc":{"start":{"line":17,"column":21},"end":{"line":19,"column":3}}},"4":{"name":"(anonymous_6)","decl":{"start":{"line":21,"column":2},"end":{"line":21,"column":8}},"loc":{"start":{"line":21,"column":19},"end":{"line":23,"column":3}}}},"branchMap":{"0":{"loc":{"start":{"line":7,"column":39},"end":{"line":7,"column":55}},"type":"cond-expr","locations":[{"start":{"line":7,"column":52},"end":{"line":7,"column":55}},{"start":{"line":7,"column":52},"end":{"line":7,"column":55}}]},"1":{"loc":{"start":{"line":7,"column":39},"end":{"line":7,"column":52}},"type":"binary-expr","locations":[{"start":{"line":7,"column":39},"end":{"line":7,"column":55}},{"start":{"line":7,"column":39},"end":{"line":7,"column":52}}]}},"s":{"0":1,"1":1,"2":1,"3":0,"4":0,"5":0,"6":0,"7":0,"8":1,"9":1},"f":{"0":0,"1":0,"2":0,"3":0,"4":0},"b":{"0":[1,0],"1":[1,1]}}
,"/Users/omairwaleed/Documents/craft-crew/src/modules/doctors/doctors.service.ts": {"path":"/Users/omairwaleed/Documents/craft-crew/src/modules/doctors/doctors.service.ts","statementMap":{"0":{"start":{"line":1,"column":0},"end":{"line":1,"column":null}},"1":{"start":{"line":6,"column":0},"end":{"line":6,"column":40}},"2":{"start":{"line":7,"column":0},"end":{"line":7,"column":57}},"3":{"start":{"line":11,"column":7},"end":{"line":49,"column":null}},"4":{"start":{"line":12,"column":31},"end":{"line":12,"column":40}},"5":{"start":{"line":15,"column":21},"end":{"line":15,"column":54}},"6":{"start":{"line":17,"column":4},"end":{"line":19,"column":5}},"7":{"start":{"line":18,"column":6},"end":{"line":18,"column":75}},"8":{"start":{"line":21,"column":4},"end":{"line":33,"column":5}},"9":{"start":{"line":22,"column":6},"end":{"line":22,"column":71}},"10":{"start":{"line":25,"column":6},"end":{"line":30,"column":7}},"11":{"start":{"line":29,"column":8},"end":{"line":29,"column":77}},"12":{"start":{"line":32,"column":6},"end":{"line":32,"column":18}},"13":{"start":{"line":37,"column":4},"end":{"line":37,"column":35}},"14":{"start":{"line":41,"column":19},"end":{"line":41,"column":50}},"15":{"start":{"line":43,"column":4},"end":{"line":45,"column":5}},"16":{"start":{"line":44,"column":6},"end":{"line":44,"column":55}},"17":{"start":{"line":47,"column":4},"end":{"line":47,"column":18}},"18":{"start":{"line":11,"column":13},"end":{"line":11,"column":27}},"19":{"start":{"line":11,"column":13},"end":{"line":49,"column":null}}},"fnMap":{"0":{"name":"(anonymous_2)","decl":{"start":{"line":12,"column":2},"end":{"line":12,"column":31}},"loc":{"start":{"line":12,"column":57},"end":{"line":12,"column":61}}},"1":{"name":"(anonymous_3)","decl":{"start":{"line":14,"column":2},"end":{"line":14,"column":7}},"loc":{"start":{"line":14,"column":35},"end":{"line":34,"column":3}}},"2":{"name":"(anonymous_4)","decl":{"start":{"line":36,"column":2},"end":{"line":36,"column":9}},"loc":{"start":{"line":36,"column":9},"end":{"line":38,"column":3}}},"3":{"name":"(anonymous_5)","decl":{"start":{"line":40,"column":2},"end":{"line":40,"column":7}},"loc":{"start":{"line":40,"column":26},"end":{"line":48,"column":3}}}},"branchMap":{"0":{"loc":{"start":{"line":17,"column":4},"end":{"line":19,"column":5}},"type":"if","locations":[{"start":{"line":17,"column":4},"end":{"line":19,"column":5}},{"start":{},"end":{}}]},"1":{"loc":{"start":{"line":25,"column":6},"end":{"line":30,"column":7}},"type":"if","locations":[{"start":{"line":25,"column":6},"end":{"line":30,"column":7}},{"start":{},"end":{}}]},"2":{"loc":{"start":{"line":26,"column":8},"end":{"line":27,"column":30}},"type":"binary-expr","locations":[{"start":{"line":26,"column":8},"end":{"line":26,"column":61}},{"start":{"line":27,"column":8},"end":{"line":27,"column":30}}]},"3":{"loc":{"start":{"line":43,"column":4},"end":{"line":45,"column":5}},"type":"if","locations":[{"start":{"line":43,"column":4},"end":{"line":45,"column":5}},{"start":{},"end":{}}]},"4":{"loc":{"start":{"line":12,"column":40},"end":{"line":12,"column":60}},"type":"cond-expr","locations":[{"start":{"line":12,"column":57},"end":{"line":12,"column":60}},{"start":{"line":12,"column":57},"end":{"line":12,"column":60}}]},"5":{"loc":{"start":{"line":12,"column":40},"end":{"line":12,"column":57}},"type":"binary-expr","locations":[{"start":{"line":12,"column":40},"end":{"line":12,"column":60}},{"start":{"line":12,"column":40},"end":{"line":12,"column":57}}]}},"s":{"0":1,"1":1,"2":1,"3":1,"4":5,"5":6,"6":6,"7":1,"8":5,"9":5,"10":3,"11":2,"12":1,"13":0,"14":0,"15":0,"16":0,"17":0,"18":1,"19":1},"f":{"0":5,"1":6,"2":0,"3":0},"b":{"0":[1,5],"1":[2,1],"2":[3,2],"3":[0,0],"4":[1,0],"5":[1,1]}}
,"/Users/omairwaleed/Documents/craft-crew/src/modules/doctors/dto/create-doctor.dto.ts": {"path":"/Users/omairwaleed/Documents/craft-crew/src/modules/doctors/dto/create-doctor.dto.ts","statementMap":{"0":{"start":{"line":1,"column":0},"end":{"line":1,"column":46}},"1":{"start":{"line":2,"column":0},"end":{"line":2,"column":62}},"2":{"start":{"line":4,"column":0},"end":{"line":4,"column":13}},"3":{"start":{"line":7,"column":2},"end":{"line":7,"column":null}},"4":{"start":{"line":12,"column":2},"end":{"line":12,"column":null}}},"fnMap":{},"branchMap":{},"s":{"0":0,"1":0,"2":0,"3":0,"4":0},"f":{},"b":{}}
,"/Users/omairwaleed/Documents/craft-crew/src/modules/imaging-studies/imaging-studies.controller.ts": {"path":"/Users/omairwaleed/Documents/craft-crew/src/modules/imaging-studies/imaging-studies.controller.ts","statementMap":{"0":{"start":{"line":1,"column":0},"end":{"line":1,"column":null}},"1":{"start":{"line":11,"column":0},"end":{"line":11,"column":81}},"2":{"start":{"line":12,"column":0},"end":{"line":12,"column":71}},"3":{"start":{"line":13,"column":0},"end":{"line":13,"column":71}},"4":{"start":{"line":14,"column":0},"end":{"line":14,"column":66}},"5":{"start":{"line":20,"column":7},"end":{"line":45,"column":null}},"6":{"start":{"line":21,"column":31},"end":{"line":21,"column":54}},"7":{"start":{"line":26,"column":4},"end":{"line":26,"column":50}},"8":{"start":{"line":35,"column":4},"end":{"line":35,"column":71}},"9":{"start":{"line":43,"column":4},"end":{"line":43,"column":60}},"10":{"start":{"line":20,"column":13},"end":{"line":20,"column":37}},"11":{"start":{"line":25,"column":2},"end":{"line":27,"column":null}},"12":{"start":{"line":32,"column":2},"end":{"line":36,"column":null}},"13":{"start":{"line":42,"column":2},"end":{"line":44,"column":null}},"14":{"start":{"line":20,"column":13},"end":{"line":45,"column":null}}},"fnMap":{"0":{"name":"(anonymous_4)","decl":{"start":{"line":21,"column":2},"end":{"line":21,"column":31}},"loc":{"start":{"line":21,"column":75},"end":{"line":21,"column":79}}},"1":{"name":"(anonymous_5)","decl":{"start":{"line":25,"column":2},"end":{"line":25,"column":8}},"loc":{"start":{"line":25,"column":43},"end":{"line":27,"column":3}}},"2":{"name":"(anonymous_6)","decl":{"start":{"line":32,"column":2},"end":{"line":32,"column":19}},"loc":{"start":{"line":33,"column":64},"end":{"line":36,"column":3}}},"3":{"name":"(anonymous_7)","decl":{"start":{"line":42,"column":2},"end":{"line":42,"column":13}},"loc":{"start":{"line":42,"column":52},"end":{"line":44,"column":3}}}},"branchMap":{"0":{"loc":{"start":{"line":25,"column":22},"end":{"line":25,"column":null}},"type":"cond-expr","locations":[{"start":{"line":25,"column":43},"end":{"line":25,"column":null}},{"start":{"line":25,"column":43},"end":{"line":25,"column":null}}]},"1":{"loc":{"start":{"line":25,"column":22},"end":{"line":25,"column":43}},"type":"binary-expr","locations":[{"start":{"line":25,"column":22},"end":{"line":25,"column":null}},{"start":{"line":25,"column":22},"end":{"line":25,"column":43}}]},"2":{"loc":{"start":{"line":21,"column":54},"end":{"line":21,"column":78}},"type":"cond-expr","locations":[{"start":{"line":21,"column":75},"end":{"line":21,"column":78}},{"start":{"line":21,"column":75},"end":{"line":21,"column":78}}]},"3":{"loc":{"start":{"line":21,"column":54},"end":{"line":21,"column":75}},"type":"binary-expr","locations":[{"start":{"line":21,"column":54},"end":{"line":21,"column":78}},{"start":{"line":21,"column":54},"end":{"line":21,"column":75}}]}},"s":{"0":0,"1":0,"2":0,"3":0,"4":0,"5":0,"6":0,"7":0,"8":0,"9":0,"10":0,"11":0,"12":0,"13":0,"14":0},"f":{"0":0,"1":0,"2":0,"3":0},"b":{"0":[0,0],"1":[0,0],"2":[0,0],"3":[0,0]}}
,"/Users/omairwaleed/Documents/craft-crew/src/modules/imaging-studies/imaging-studies.module.ts": {"path":"/Users/omairwaleed/Documents/craft-crew/src/modules/imaging-studies/imaging-studies.module.ts","statementMap":{"0":{"start":{"line":1,"column":0},"end":{"line":1,"column":40}},"1":{"start":{"line":2,"column":0},"end":{"line":2,"column":49}},"2":{"start":{"line":3,"column":0},"end":{"line":3,"column":55}},"3":{"start":{"line":4,"column":0},"end":{"line":4,"column":72}},"4":{"start":{"line":5,"column":0},"end":{"line":5,"column":72}},"5":{"start":{"line":6,"column":0},"end":{"line":6,"column":66}},"6":{"start":{"line":14,"column":7},"end":{"line":14,"column":null}},"7":{"start":{"line":14,"column":13},"end":{"line":14,"column":33}},"8":{"start":{"line":14,"column":13},"end":{"line":14,"column":null}}},"fnMap":{},"branchMap":{},"s":{"0":0,"1":0,"2":0,"3":0,"4":0,"5":0,"6":0,"7":0,"8":0},"f":{},"b":{}}
,"/Users/omairwaleed/Documents/craft-crew/src/modules/imaging-studies/imaging-studies.repository.ts": {"path":"/Users/omairwaleed/Documents/craft-crew/src/modules/imaging-studies/imaging-studies.repository.ts","statementMap":{"0":{"start":{"line":1,"column":0},"end":{"line":1,"column":44}},"1":{"start":{"line":3,"column":0},"end":{"line":3,"column":60}},"2":{"start":{"line":6,"column":7},"end":{"line":35,"column":null}},"3":{"start":{"line":7,"column":31},"end":{"line":7,"column":39}},"4":{"start":{"line":10,"column":4},"end":{"line":10,"column":53}},"5":{"start":{"line":14,"column":4},"end":{"line":14,"column":75}},"6":{"start":{"line":18,"column":4},"end":{"line":18,"column":66}},"7":{"start":{"line":23,"column":4},"end":{"line":26,"column":7}},"8":{"start":{"line":30,"column":4},"end":{"line":33,"column":7}},"9":{"start":{"line":6,"column":13},"end":{"line":6,"column":37}},"10":{"start":{"line":6,"column":13},"end":{"line":35,"column":null}}},"fnMap":{"0":{"name":"(anonymous_2)","decl":{"start":{"line":7,"column":2},"end":{"line":7,"column":31}},"loc":{"start":{"line":7,"column":52},"end":{"line":7,"column":56}}},"1":{"name":"(anonymous_3)","decl":{"start":{"line":9,"column":2},"end":{"line":9,"column":8}},"loc":{"start":{"line":9,"column":54},"end":{"line":11,"column":3}}},"2":{"name":"(anonymous_4)","decl":{"start":{"line":13,"column":2},"end":{"line":13,"column":19}},"loc":{"start":{"line":13,"column":41},"end":{"line":15,"column":3}}},"3":{"name":"(anonymous_5)","decl":{"start":{"line":17,"column":2},"end":{"line":17,"column":10}},"loc":{"start":{"line":17,"column":21},"end":{"line":19,"column":3}}},"4":{"name":"(anonymous_6)","decl":{"start":{"line":22,"column":2},"end":{"line":22,"column":19}},"loc":{"start":{"line":22,"column":41},"end":{"line":27,"column":3}}},"5":{"name":"(anonymous_7)","decl":{"start":{"line":29,"column":2},"end":{"line":29,"column":13}},"loc":{"start":{"line":29,"column":24},"end":{"line":34,"column":3}}}},"branchMap":{"0":{"loc":{"start":{"line":7,"column":39},"end":{"line":7,"column":55}},"type":"cond-expr","locations":[{"start":{"line":7,"column":52},"end":{"line":7,"column":55}},{"start":{"line":7,"column":52},"end":{"line":7,"column":55}}]},"1":{"loc":{"start":{"line":7,"column":39},"end":{"line":7,"column":52}},"type":"binary-expr","locations":[{"start":{"line":7,"column":39},"end":{"line":7,"column":55}},{"start":{"line":7,"column":39},"end":{"line":7,"column":52}}]}},"s":{"0":1,"1":1,"2":1,"3":0,"4":0,"5":0,"6":0,"7":0,"8":0,"9":1,"10":1},"f":{"0":0,"1":0,"2":0,"3":0,"4":0,"5":0},"b":{"0":[1,0],"1":[1,1]}}
,"/Users/omairwaleed/Documents/craft-crew/src/modules/imaging-studies/imaging-studies.service.ts": {"path":"/Users/omairwaleed/Documents/craft-crew/src/modules/imaging-studies/imaging-studies.service.ts","statementMap":{"0":{"start":{"line":1,"column":0},"end":{"line":1,"column":null}},"1":{"start":{"line":7,"column":0},"end":{"line":7,"column":40}},"2":{"start":{"line":8,"column":0},"end":{"line":8,"column":57}},"3":{"start":{"line":9,"column":0},"end":{"line":9,"column":72}},"4":{"start":{"line":13,"column":7},"end":{"line":68,"column":null}},"5":{"start":{"line":15,"column":21},"end":{"line":15,"column":30}},"6":{"start":{"line":16,"column":21},"end":{"line":16,"column":29}},"7":{"start":{"line":20,"column":24},"end":{"line":20,"column":79}},"8":{"start":{"line":22,"column":4},"end":{"line":26,"column":5}},"9":{"start":{"line":23,"column":6},"end":{"line":25,"column":8}},"10":{"start":{"line":28,"column":21},"end":{"line":28,"column":59}},"11":{"start":{"line":30,"column":4},"end":{"line":32,"column":5}},"12":{"start":{"line":31,"column":6},"end":{"line":31,"column":83}},"13":{"start":{"line":34,"column":4},"end":{"line":52,"column":5}},"14":{"start":{"line":35,"column":6},"end":{"line":41,"column":9}},"15":{"start":{"line":44,"column":6},"end":{"line":49,"column":7}},"16":{"start":{"line":48,"column":8},"end":{"line":48,"column":85}},"17":{"start":{"line":51,"column":6},"end":{"line":51,"column":18}},"18":{"start":{"line":56,"column":4},"end":{"line":56,"column":57}},"19":{"start":{"line":60,"column":18},"end":{"line":60,"column":49}},"20":{"start":{"line":62,"column":4},"end":{"line":64,"column":5}},"21":{"start":{"line":63,"column":6},"end":{"line":63,"column":62}},"22":{"start":{"line":66,"column":4},"end":{"line":66,"column":60}},"23":{"start":{"line":13,"column":13},"end":{"line":13,"column":34}},"24":{"start":{"line":13,"column":13},"end":{"line":68,"column":null}}},"fnMap":{"0":{"name":"(anonymous_2)","decl":{"start":{"line":14,"column":2},"end":{"line":14,"column":null}},"loc":{"start":{"line":16,"column":42},"end":{"line":17,"column":6}}},"1":{"name":"(anonymous_3)","decl":{"start":{"line":19,"column":2},"end":{"line":19,"column":7}},"loc":{"start":{"line":19,"column":41},"end":{"line":53,"column":3}}},"2":{"name":"(anonymous_4)","decl":{"start":{"line":55,"column":2},"end":{"line":55,"column":19}},"loc":{"start":{"line":55,"column":41},"end":{"line":57,"column":3}}},"3":{"name":"(anonymous_5)","decl":{"start":{"line":59,"column":2},"end":{"line":59,"column":7}},"loc":{"start":{"line":59,"column":36},"end":{"line":67,"column":3}}}},"branchMap":{"0":{"loc":{"start":{"line":22,"column":4},"end":{"line":26,"column":5}},"type":"if","locations":[{"start":{"line":22,"column":4},"end":{"line":26,"column":5}},{"start":{},"end":{}}]},"1":{"loc":{"start":{"line":30,"column":4},"end":{"line":32,"column":5}},"type":"if","locations":[{"start":{"line":30,"column":4},"end":{"line":32,"column":5}},{"start":{},"end":{}}]},"2":{"loc":{"start":{"line":44,"column":6},"end":{"line":49,"column":7}},"type":"if","locations":[{"start":{"line":44,"column":6},"end":{"line":49,"column":7}},{"start":{},"end":{}}]},"3":{"loc":{"start":{"line":45,"column":8},"end":{"line":46,"column":30}},"type":"binary-expr","locations":[{"start":{"line":45,"column":8},"end":{"line":45,"column":61}},{"start":{"line":46,"column":8},"end":{"line":46,"column":30}}]},"4":{"loc":{"start":{"line":62,"column":4},"end":{"line":64,"column":5}},"type":"if","locations":[{"start":{"line":62,"column":4},"end":{"line":64,"column":5}},{"start":{},"end":{}}]},"5":{"loc":{"start":{"line":15,"column":30},"end":{"line":15,"column":null}},"type":"cond-expr","locations":[{"start":{"line":15,"column":54},"end":{"line":15,"column":null}},{"start":{"line":15,"column":54},"end":{"line":15,"column":null}}]},"6":{"loc":{"start":{"line":15,"column":30},"end":{"line":15,"column":54}},"type":"binary-expr","locations":[{"start":{"line":15,"column":30},"end":{"line":15,"column":null}},{"start":{"line":15,"column":30},"end":{"line":15,"column":54}}]},"7":{"loc":{"start":{"line":15,"column":54},"end":{"line":16,"column":null}},"type":"cond-expr","locations":[{"start":{"line":16,"column":42},"end":{"line":16,"column":null}},{"start":{"line":16,"column":42},"end":{"line":16,"column":null}}]},"8":{"loc":{"start":{"line":15,"column":54},"end":{"line":16,"column":42}},"type":"binary-expr","locations":[{"start":{"line":15,"column":54},"end":{"line":16,"column":null}},{"start":{"line":16,"column":29},"end":{"line":16,"column":42}}]}},"s":{"0":1,"1":1,"2":1,"3":1,"4":1,"5":6,"6":6,"7":7,"8":7,"9":1,"10":6,"11":6,"12":1,"13":5,"14":5,"15":3,"16":2,"17":1,"18":0,"19":0,"20":0,"21":0,"22":0,"23":1,"24":1},"f":{"0":6,"1":7,"2":0,"3":0},"b":{"0":[1,6],"1":[1,5],"2":[2,1],"3":[3,2],"4":[0,0],"5":[1,0],"6":[1,1],"7":[1,0],"8":[1,1]}}
,"/Users/omairwaleed/Documents/craft-crew/src/modules/imaging-studies/dto/create-imaging-study.dto.ts": {"path":"/Users/omairwaleed/Documents/craft-crew/src/modules/imaging-studies/dto/create-imaging-study.dto.ts","statementMap":{"0":{"start":{"line":1,"column":0},"end":{"line":1,"column":67}},"1":{"start":{"line":2,"column":0},"end":{"line":2,"column":74}},"2":{"start":{"line":4,"column":0},"end":{"line":4,"column":13}},"3":{"start":{"line":7,"column":2},"end":{"line":7,"column":null}},"4":{"start":{"line":11,"column":2},"end":{"line":11,"column":null}},"5":{"start":{"line":16,"column":2},"end":{"line":16,"column":null}},"6":{"start":{"line":21,"column":2},"end":{"line":21,"column":null}},"7":{"start":{"line":26,"column":2},"end":{"line":26,"column":null}}},"fnMap":{},"branchMap":{},"s":{"0":0,"1":0,"2":0,"3":0,"4":0,"5":0,"6":0,"7":0},"f":{},"b":{}}
,"/Users/omairwaleed/Documents/craft-crew/src/modules/upload/upload.controller.ts": {"path":"/Users/omairwaleed/Documents/craft-crew/src/modules/upload/upload.controller.ts","statementMap":{"0":{"start":{"line":1,"column":0},"end":{"line":1,"column":67}},"1":{"start":{"line":2,"column":0},"end":{"line":2,"column":71}},"2":{"start":{"line":3,"column":0},"end":{"line":3,"column":71}},"3":{"start":{"line":4,"column":0},"end":{"line":4,"column":78}},"4":{"start":{"line":5,"column":0},"end":{"line":5,"column":49}},"5":{"start":{"line":11,"column":7},"end":{"line":21,"column":null}},"6":{"start":{"line":12,"column":31},"end":{"line":12,"column":46}},"7":{"start":{"line":19,"column":4},"end":{"line":19,"column":74}},"8":{"start":{"line":11,"column":13},"end":{"line":11,"column":29}},"9":{"start":{"line":18,"column":2},"end":{"line":20,"column":null}},"10":{"start":{"line":11,"column":13},"end":{"line":21,"column":null}}},"fnMap":{"0":{"name":"(anonymous_4)","decl":{"start":{"line":12,"column":2},"end":{"line":12,"column":31}},"loc":{"start":{"line":12,"column":59},"end":{"line":12,"column":63}}},"1":{"name":"(anonymous_5)","decl":{"start":{"line":18,"column":2},"end":{"line":18,"column":23}},"loc":{"start":{"line":18,"column":61},"end":{"line":20,"column":3}}}},"branchMap":{"0":{"loc":{"start":{"line":18,"column":37},"end":{"line":18,"column":null}},"type":"cond-expr","locations":[{"start":{"line":18,"column":61},"end":{"line":18,"column":null}},{"start":{"line":18,"column":61},"end":{"line":18,"column":null}}]},"1":{"loc":{"start":{"line":18,"column":37},"end":{"line":18,"column":61}},"type":"binary-expr","locations":[{"start":{"line":18,"column":37},"end":{"line":18,"column":null}},{"start":{"line":18,"column":37},"end":{"line":18,"column":61}}]},"2":{"loc":{"start":{"line":12,"column":46},"end":{"line":12,"column":62}},"type":"cond-expr","locations":[{"start":{"line":12,"column":59},"end":{"line":12,"column":62}},{"start":{"line":12,"column":59},"end":{"line":12,"column":62}}]},"3":{"loc":{"start":{"line":12,"column":46},"end":{"line":12,"column":59}},"type":"binary-expr","locations":[{"start":{"line":12,"column":46},"end":{"line":12,"column":62}},{"start":{"line":12,"column":46},"end":{"line":12,"column":59}}]}},"s":{"0":0,"1":0,"2":0,"3":0,"4":0,"5":0,"6":0,"7":0,"8":0,"9":0,"10":0},"f":{"0":0,"1":0},"b":{"0":[0,0],"1":[0,0],"2":[0,0],"3":[0,0]}}
,"/Users/omairwaleed/Documents/craft-crew/src/modules/upload/upload.module.ts": {"path":"/Users/omairwaleed/Documents/craft-crew/src/modules/upload/upload.module.ts","statementMap":{"0":{"start":{"line":1,"column":0},"end":{"line":1,"column":40}},"1":{"start":{"line":2,"column":0},"end":{"line":2,"column":49}},"2":{"start":{"line":3,"column":0},"end":{"line":3,"column":55}},"3":{"start":{"line":4,"column":0},"end":{"line":4,"column":49}},"4":{"start":{"line":12,"column":7},"end":{"line":12,"column":null}},"5":{"start":{"line":12,"column":13},"end":{"line":12,"column":25}},"6":{"start":{"line":12,"column":13},"end":{"line":12,"column":null}}},"fnMap":{},"branchMap":{},"s":{"0":0,"1":0,"2":0,"3":0,"4":0,"5":0,"6":0},"f":{},"b":{}}
,"/Users/omairwaleed/Documents/craft-crew/src/modules/upload/upload.service.ts": {"path":"/Users/omairwaleed/Documents/craft-crew/src/modules/upload/upload.service.ts","statementMap":{"0":{"start":{"line":1,"column":0},"end":{"line":1,"column":74}},"1":{"start":{"line":2,"column":0},"end":{"line":2,"column":66}},"2":{"start":{"line":5,"column":7},"end":{"line":60,"column":null}},"3":{"start":{"line":7,"column":4},"end":{"line":7,"column":60}},"4":{"start":{"line":9,"column":31},"end":{"line":9,"column":41}},"5":{"start":{"line":16,"column":27},"end":{"line":16,"column":51}},"6":{"start":{"line":18,"column":28},"end":{"line":20,"column":56}},"7":{"start":{"line":22,"column":4},"end":{"line":26,"column":5}},"8":{"start":{"line":23,"column":6},"end":{"line":25,"column":8}},"9":{"start":{"line":28,"column":4},"end":{"line":33,"column":6}},"10":{"start":{"line":41,"column":27},"end":{"line":41,"column":51}},"11":{"start":{"line":43,"column":28},"end":{"line":45,"column":49}},"12":{"start":{"line":47,"column":4},"end":{"line":51,"column":5}},"13":{"start":{"line":48,"column":6},"end":{"line":50,"column":8}},"14":{"start":{"line":53,"column":4},"end":{"line":58,"column":6}},"15":{"start":{"line":5,"column":13},"end":{"line":5,"column":26}},"16":{"start":{"line":5,"column":13},"end":{"line":60,"column":null}}},"fnMap":{"0":{"name":"(anonymous_2)","decl":{"start":{"line":9,"column":2},"end":{"line":9,"column":31}},"loc":{"start":{"line":9,"column":56},"end":{"line":9,"column":60}}},"1":{"name":"(anonymous_3)","decl":{"start":{"line":15,"column":2},"end":{"line":15,"column":7}},"loc":{"start":{"line":15,"column":58},"end":{"line":34,"column":3}}},"2":{"name":"(anonymous_4)","decl":{"start":{"line":40,"column":2},"end":{"line":40,"column":7}},"loc":{"start":{"line":40,"column":54},"end":{"line":59,"column":3}}}},"branchMap":{"0":{"loc":{"start":{"line":7,"column":4},"end":{"line":7,"column":60}},"type":"binary-expr","locations":[{"start":{"line":7,"column":4},"end":{"line":7,"column":39}},{"start":{"line":7,"column":43},"end":{"line":7,"column":60}}]},"1":{"loc":{"start":{"line":15,"column":44},"end":{"line":15,"column":58}},"type":"default-arg","locations":[{"start":{"line":15,"column":53},"end":{"line":15,"column":58}}]},"2":{"loc":{"start":{"line":22,"column":4},"end":{"line":26,"column":5}},"type":"if","locations":[{"start":{"line":22,"column":4},"end":{"line":26,"column":5}},{"start":{},"end":{}}]},"3":{"loc":{"start":{"line":22,"column":8},"end":{"line":22,"column":22}},"type":"binary-expr","locations":[{"start":{"line":22,"column":8},"end":{"line":22,"column":13}},{"start":{"line":22,"column":17},"end":{"line":22,"column":22}}]},"4":{"loc":{"start":{"line":24,"column":8},"end":{"line":24,"column":63}},"type":"binary-expr","locations":[{"start":{"line":24,"column":8},"end":{"line":24,"column":22}},{"start":{"line":24,"column":26},"end":{"line":24,"column":63}}]},"5":{"loc":{"start":{"line":40,"column":38},"end":{"line":40,"column":54}},"type":"default-arg","locations":[{"start":{"line":40,"column":50},"end":{"line":40,"column":54}}]},"6":{"loc":{"start":{"line":47,"column":4},"end":{"line":51,"column":5}},"type":"if","locations":[{"start":{"line":47,"column":4},"end":{"line":51,"column":5}},{"start":{},"end":{}}]},"7":{"loc":{"start":{"line":47,"column":8},"end":{"line":47,"column":22}},"type":"binary-expr","locations":[{"start":{"line":47,"column":8},"end":{"line":47,"column":13}},{"start":{"line":47,"column":17},"end":{"line":47,"column":22}}]},"8":{"loc":{"start":{"line":49,"column":8},"end":{"line":49,"column":56}},"type":"binary-expr","locations":[{"start":{"line":49,"column":8},"end":{"line":49,"column":22}},{"start":{"line":49,"column":26},"end":{"line":49,"column":56}}]},"9":{"loc":{"start":{"line":9,"column":41},"end":{"line":9,"column":59}},"type":"cond-expr","locations":[{"start":{"line":9,"column":56},"end":{"line":9,"column":59}},{"start":{"line":9,"column":56},"end":{"line":9,"column":59}}]},"10":{"loc":{"start":{"line":9,"column":41},"end":{"line":9,"column":56}},"type":"binary-expr","locations":[{"start":{"line":9,"column":41},"end":{"line":9,"column":59}},{"start":{"line":9,"column":41},"end":{"line":9,"column":56}}]}},"s":{"0":2,"1":2,"2":2,"3":4,"4":4,"5":5,"6":5,"7":5,"8":2,"9":3,"10":0,"11":0,"12":0,"13":0,"14":0,"15":2,"16":2},"f":{"0":4,"1":5,"2":0},"b":{"0":[4,4],"1":[4],"2":[2,3],"3":[5,3],"4":[2,0],"5":[0],"6":[0,0],"7":[0,0],"8":[0,0],"9":[2,0],"10":[2,2]}}
,"/Users/omairwaleed/Documents/craft-crew/src/modules/upload/dto/create-signed-upload-url.dto.ts": {"path":"/Users/omairwaleed/Documents/craft-crew/src/modules/upload/dto/create-signed-upload-url.dto.ts","statementMap":{"0":{"start":{"line":1,"column":0},"end":{"line":1,"column":67}},"1":{"start":{"line":2,"column":0},"end":{"line":2,"column":75}},"2":{"start":{"line":4,"column":0},"end":{"line":4,"column":13}},"3":{"start":{"line":12,"column":2},"end":{"line":12,"column":null}},"4":{"start":{"line":20,"column":2},"end":{"line":20,"column":null}}},"fnMap":{},"branchMap":{},"s":{"0":0,"1":0,"2":0,"3":0,"4":0},"f":{},"b":{}}
,"/Users/omairwaleed/Documents/craft-crew/src/prisma/prisma.module.ts": {"path":"/Users/omairwaleed/Documents/craft-crew/src/prisma/prisma.module.ts","statementMap":{"0":{"start":{"line":1,"column":0},"end":{"line":1,"column":48}},"1":{"start":{"line":2,"column":0},"end":{"line":2,"column":49}},"2":{"start":{"line":9,"column":7},"end":{"line":9,"column":null}},"3":{"start":{"line":9,"column":13},"end":{"line":9,"column":25}},"4":{"start":{"line":9,"column":13},"end":{"line":9,"column":null}}},"fnMap":{},"branchMap":{},"s":{"0":0,"1":0,"2":0,"3":0,"4":0},"f":{},"b":{}}
,"/Users/omairwaleed/Documents/craft-crew/src/prisma/prisma.service.ts": {"path":"/Users/omairwaleed/Documents/craft-crew/src/prisma/prisma.service.ts","statementMap":{"0":{"start":{"line":1,"column":0},"end":{"line":1,"column":null}},"1":{"start":{"line":6,"column":0},"end":{"line":6,"column":46}},"2":{"start":{"line":7,"column":0},"end":{"line":7,"column":46}},"3":{"start":{"line":10,"column":7},"end":{"line":40,"column":null}},"4":{"start":{"line":14,"column":29},"end":{"line":14,"column":53}},"5":{"start":{"line":16,"column":4},"end":{"line":18,"column":5}},"6":{"start":{"line":17,"column":6},"end":{"line":17,"column":51}},"7":{"start":{"line":20,"column":4},"end":{"line":30,"column":7}},"8":{"start":{"line":34,"column":4},"end":{"line":34,"column":26}},"9":{"start":{"line":38,"column":4},"end":{"line":38,"column":29}},"10":{"start":{"line":10,"column":13},"end":{"line":10,"column":26}},"11":{"start":{"line":10,"column":13},"end":{"line":40,"column":null}}},"fnMap":{"0":{"name":"(anonymous_2)","decl":{"start":{"line":13,"column":2},"end":{"line":13,"column":null}},"loc":{"start":{"line":13,"column":2},"end":{"line":31,"column":3}}},"1":{"name":"(anonymous_3)","decl":{"start":{"line":33,"column":2},"end":{"line":33,"column":7}},"loc":{"start":{"line":33,"column":20},"end":{"line":35,"column":3}}},"2":{"name":"(anonymous_4)","decl":{"start":{"line":37,"column":2},"end":{"line":37,"column":7}},"loc":{"start":{"line":37,"column":23},"end":{"line":39,"column":3}}}},"branchMap":{"0":{"loc":{"start":{"line":16,"column":4},"end":{"line":18,"column":5}},"type":"if","locations":[{"start":{"line":16,"column":4},"end":{"line":18,"column":5}},{"start":{},"end":{}}]}},"s":{"0":3,"1":3,"2":3,"3":3,"4":0,"5":0,"6":0,"7":0,"8":0,"9":0,"10":3,"11":3},"f":{"0":0,"1":0,"2":0},"b":{"0":[0,0]}}
,"/Users/omairwaleed/Documents/craft-crew/src/supabase/supabase.module.ts": {"path":"/Users/omairwaleed/Documents/craft-crew/src/supabase/supabase.module.ts","statementMap":{"0":{"start":{"line":1,"column":0},"end":{"line":1,"column":48}},"1":{"start":{"line":2,"column":0},"end":{"line":2,"column":53}},"2":{"start":{"line":9,"column":7},"end":{"line":9,"column":null}},"3":{"start":{"line":9,"column":13},"end":{"line":9,"column":27}},"4":{"start":{"line":9,"column":13},"end":{"line":9,"column":null}}},"fnMap":{},"branchMap":{},"s":{"0":0,"1":0,"2":0,"3":0,"4":0},"f":{},"b":{}}
,"/Users/omairwaleed/Documents/craft-crew/src/supabase/supabase.service.ts": {"path":"/Users/omairwaleed/Documents/craft-crew/src/supabase/supabase.service.ts","statementMap":{"0":{"start":{"line":1,"column":0},"end":{"line":1,"column":74}},"1":{"start":{"line":2,"column":0},"end":{"line":2,"column":69}},"2":{"start":{"line":5,"column":7},"end":{"line":25,"column":null}},"3":{"start":{"line":9,"column":24},"end":{"line":9,"column":48}},"4":{"start":{"line":10,"column":27},"end":{"line":10,"column":64}},"5":{"start":{"line":12,"column":4},"end":{"line":16,"column":5}},"6":{"start":{"line":13,"column":6},"end":{"line":15,"column":8}},"7":{"start":{"line":18,"column":4},"end":{"line":23,"column":7}},"8":{"start":{"line":5,"column":13},"end":{"line":5,"column":28}},"9":{"start":{"line":5,"column":13},"end":{"line":25,"column":null}}},"fnMap":{"0":{"name":"(anonymous_2)","decl":{"start":{"line":8,"column":2},"end":{"line":8,"column":null}},"loc":{"start":{"line":8,"column":2},"end":{"line":24,"column":3}}}},"branchMap":{"0":{"loc":{"start":{"line":12,"column":4},"end":{"line":16,"column":5}},"type":"if","locations":[{"start":{"line":12,"column":4},"end":{"line":16,"column":5}},{"start":{},"end":{}}]},"1":{"loc":{"start":{"line":12,"column":8},"end":{"line":12,"column":39}},"type":"binary-expr","locations":[{"start":{"line":12,"column":8},"end":{"line":12,"column":20}},{"start":{"line":12,"column":24},"end":{"line":12,"column":39}}]}},"s":{"0":2,"1":2,"2":2,"3":0,"4":0,"5":0,"6":0,"7":0,"8":2,"9":2},"f":{"0":0},"b":{"0":[0,0],"1":[0,0]}}
}
