TN:
SF:src/app.controller.ts
FN:7,(anonymous_2)
FN:11,(anonymous_3)
FNF:2
FNH:0
FNDA:0,(anonymous_2)
FNDA:0,(anonymous_3)
DA:1,0
DA:2,0
DA:3,0
DA:6,0
DA:7,0
DA:11,0
DA:12,0
LF:7
LH:0
BRDA:7,0,0,0
BRDA:7,0,1,0
BRDA:7,1,0,0
BRDA:7,1,1,0
BRF:4
BRH:0
end_of_record
TN:
SF:src/app.module.ts
FN:27,(anonymous_1)
FNF:1
FNH:0
FNDA:0,(anonymous_1)
DA:1,0
DA:2,0
DA:3,0
DA:4,0
DA:5,0
DA:6,0
DA:7,0
DA:8,0
DA:9,0
DA:10,0
DA:11,0
DA:26,0
DA:28,0
LF:13
LH:0
BRF:0
BRH:0
end_of_record
TN:
SF:src/app.service.ts
FN:5,(anonymous_1)
FNF:1
FNH:0
FNDA:0,(anonymous_1)
DA:1,0
DA:4,0
DA:6,0
LF:3
LH:0
BRF:0
BRH:0
end_of_record
TN:
SF:src/main.ts
FN:9,bootstrap
FN:13,(anonymous_1)
FNF:2
FNH:0
FNDA:0,bootstrap
FNDA:0,(anonymous_1)
DA:1,0
DA:2,0
DA:3,0
DA:4,0
DA:6,0
DA:7,0
DA:10,0
DA:11,0
DA:13,0
DA:14,0
DA:15,0
DA:16,0
DA:20,0
DA:22,0
DA:23,0
DA:24,0
DA:27,0
DA:30,0
DA:38,0
DA:45,0
DA:46,0
DA:48,0
DA:51,0
LF:23
LH:0
BRDA:14,0,0,0
BRDA:14,0,1,0
BRDA:22,1,0,0
BRDA:22,1,1,0
BRDA:48,2,0,0
BRDA:48,2,1,0
BRF:6
BRH:0
end_of_record
TN:
SF:src/common/filters/all-exceptions.filter.ts
FN:15,(anonymous_1)
FNF:1
FNH:0
FNDA:0,(anonymous_1)
DA:1,0
DA:12,0
DA:13,0
DA:16,0
DA:17,0
DA:18,0
DA:20,0
DA:21,0
DA:24,0
DA:28,0
DA:32,0
DA:33,0
DA:38,0
DA:41,0
LF:14
LH:0
BRDA:21,0,0,0
BRDA:21,0,1,0
BRDA:24,1,0,0
BRDA:24,1,1,0
BRDA:32,2,0,0
BRDA:32,2,1,0
BRDA:35,3,0,0
BRDA:35,3,1,0
BRDA:42,4,0,0
BRDA:42,4,1,0
BRF:10
BRH:0
end_of_record
TN:
SF:src/common/middleware/request-logger.middleware.ts
FN:8,(anonymous_1)
FN:12,(anonymous_2)
FNF:2
FNH:0
FNDA:0,(anonymous_1)
FNDA:0,(anonymous_2)
DA:1,0
DA:5,0
DA:6,0
DA:9,0
DA:10,0
DA:12,0
DA:13,0
DA:14,0
DA:15,0
DA:17,0
DA:18,0
DA:19,0
DA:20,0
DA:22,0
DA:26,0
LF:15
LH:0
BRDA:17,0,0,0
BRDA:17,0,1,0
BRDA:19,1,0,0
BRDA:19,1,1,0
BRF:4
BRH:0
end_of_record
TN:
SF:src/modules/appointments/appointments.controller.ts
FN:24,(anonymous_4)
FN:28,(anonymous_5)
FN:34,(anonymous_6)
FN:40,(anonymous_7)
FNF:4
FNH:0
FNDA:0,(anonymous_4)
FNDA:0,(anonymous_5)
FNDA:0,(anonymous_6)
FNDA:0,(anonymous_7)
DA:1,0
DA:12,0
DA:13,0
DA:14,0
DA:15,0
DA:16,0
DA:17,0
DA:23,0
DA:24,0
DA:28,0
DA:29,0
DA:34,0
DA:35,0
DA:40,0
DA:44,0
LF:15
LH:0
BRDA:28,0,0,0
BRDA:28,0,1,0
BRDA:28,1,0,0
BRDA:28,1,1,0
BRDA:34,2,0,0
BRDA:34,2,1,0
BRDA:34,3,0,0
BRDA:34,3,1,0
BRDA:42,4,0,0
BRDA:42,4,1,0
BRDA:42,5,0,0
BRDA:42,5,1,0
BRDA:24,6,0,0
BRDA:24,6,1,0
BRDA:24,7,0,0
BRDA:24,7,1,0
BRF:16
BRH:0
end_of_record
TN:
SF:src/modules/appointments/appointments.module.ts
FNF:0
FNH:0
DA:1,0
DA:2,0
DA:3,0
DA:4,0
DA:5,0
DA:13,0
LF:6
LH:0
BRF:0
BRH:0
end_of_record
TN:
SF:src/modules/appointments/appointments.repository.ts
FN:7,(anonymous_2)
FN:9,(anonymous_3)
FN:13,(anonymous_4)
FN:22,(anonymous_5)
FN:29,(anonymous_6)
FN:34,(anonymous_7)
FN:46,(anonymous_8)
FN:53,(anonymous_9)
FNF:8
FNH:0
FNDA:0,(anonymous_2)
FNDA:0,(anonymous_3)
FNDA:0,(anonymous_4)
FNDA:0,(anonymous_5)
FNDA:0,(anonymous_6)
FNDA:0,(anonymous_7)
FNDA:0,(anonymous_8)
FNDA:0,(anonymous_9)
DA:1,1
DA:2,1
DA:3,1
DA:6,1
DA:7,0
DA:10,0
DA:14,0
DA:23,0
DA:30,0
DA:35,0
DA:47,0
DA:54,0
LF:12
LH:4
BRDA:13,0,0,0
BRDA:7,1,0,1
BRDA:7,1,1,0
BRDA:7,2,0,1
BRDA:7,2,1,1
BRF:5
BRH:3
end_of_record
TN:
SF:src/modules/appointments/appointments.service.ts
FN:15,(anonymous_2)
FN:17,(anonymous_3)
FN:71,(anonymous_4)
FN:98,(anonymous_5)
FN:108,(anonymous_6)
FNF:5
FNH:2
FNDA:7,(anonymous_2)
FNDA:8,(anonymous_3)
FNDA:0,(anonymous_4)
FNDA:0,(anonymous_5)
FNDA:0,(anonymous_6)
DA:1,1
DA:7,1
DA:8,1
DA:14,1
DA:15,7
DA:18,8
DA:20,8
DA:21,1
DA:25,7
DA:27,7
DA:28,1
DA:33,6
DA:34,6
DA:36,6
DA:42,6
DA:43,1
DA:48,5
DA:49,5
DA:60,3
DA:64,2
DA:67,1
DA:72,0
DA:74,0
DA:75,0
DA:78,0
DA:79,0
DA:82,0
DA:83,0
DA:85,0
DA:86,0
DA:89,0
DA:90,0
DA:92,0
DA:95,0
DA:99,0
DA:101,0
DA:102,0
DA:105,0
DA:109,0
DA:111,0
LF:40
LH:21
BRDA:20,0,0,1
BRDA:20,0,1,7
BRDA:27,1,0,1
BRDA:27,1,1,6
BRDA:42,2,0,1
BRDA:42,2,1,5
BRDA:60,3,0,2
BRDA:60,3,1,1
BRDA:61,4,0,3
BRDA:61,4,1,2
BRDA:71,5,0,0
BRDA:74,6,0,0
BRDA:74,6,1,0
BRDA:78,7,0,0
BRDA:78,7,1,0
BRDA:82,8,0,0
BRDA:82,8,1,0
BRDA:85,9,0,0
BRDA:85,9,1,0
BRDA:101,10,0,0
BRDA:101,10,1,0
BRDA:15,11,0,1
BRDA:15,11,1,0
BRDA:15,12,0,1
BRDA:15,12,1,1
BRF:25
BRH:13
end_of_record
TN:
SF:src/modules/appointments/dto/create-appointment.dto.ts
FNF:0
FNH:0
DA:1,0
DA:2,0
DA:12,0
DA:15,0
DA:20,0
DA:24,0
DA:28,0
DA:33,0
DA:38,0
LF:9
LH:0
BRF:0
BRH:0
end_of_record
TN:
SF:src/modules/appointments/dto/find-appointments-query.dto.ts
FNF:0
FNH:0
DA:1,0
DA:2,0
DA:3,0
DA:5,0
DA:12,0
DA:17,0
DA:22,0
LF:7
LH:0
BRDA:22,0,0,0
BRDA:22,0,1,0
BRDA:22,1,0,0
BRDA:22,1,1,0
BRF:4
BRH:0
end_of_record
TN:
SF:src/modules/appointments/dto/update-appointment-status.dto.ts
FNF:0
FNH:0
DA:1,0
DA:2,0
DA:3,0
DA:5,0
DA:8,0
LF:5
LH:0
BRDA:8,0,0,0
BRDA:8,0,1,0
BRDA:8,1,0,0
BRDA:8,1,1,0
BRF:4
BRH:0
end_of_record
TN:
SF:src/modules/auth/auth.controller.ts
FN:26,(anonymous_4)
FN:48,(anonymous_5)
FN:71,(anonymous_6)
FNF:3
FNH:0
FNDA:0,(anonymous_4)
FNDA:0,(anonymous_5)
FNDA:0,(anonymous_6)
DA:1,0
DA:12,0
DA:18,0
DA:19,0
DA:20,0
DA:25,0
DA:26,0
DA:48,0
DA:49,0
DA:54,0
DA:71,0
DA:72,0
DA:74,0
DA:75,0
DA:78,0
LF:15
LH:0
BRDA:62,0,0,0
BRDA:62,0,1,0
BRDA:74,1,0,0
BRDA:74,1,1,0
BRDA:81,2,0,0
BRDA:81,2,1,0
BRDA:48,3,0,0
BRDA:48,3,1,0
BRDA:48,4,0,0
BRDA:48,4,1,0
BRDA:26,5,0,0
BRDA:26,5,1,0
BRDA:26,6,0,0
BRDA:26,6,1,0
BRF:14
BRH:0
end_of_record
TN:
SF:src/modules/auth/auth.module.ts
FNF:0
FNH:0
DA:1,0
DA:2,0
DA:3,0
DA:4,0
DA:5,0
DA:13,0
LF:6
LH:0
BRF:0
BRH:0
end_of_record
TN:
SF:src/modules/auth/supabase-auth.service.ts
FN:11,(anonymous_2)
FN:13,(anonymous_3)
FN:30,(anonymous_4)
FN:43,(anonymous_5)
FNF:4
FNH:0
FNDA:0,(anonymous_2)
FNDA:0,(anonymous_3)
FNDA:0,(anonymous_4)
FNDA:0,(anonymous_5)
DA:1,0
DA:7,0
DA:10,0
DA:11,0
DA:18,0
DA:23,0
DA:24,0
DA:27,0
DA:32,0
DA:34,0
DA:35,0
DA:38,0
DA:46,0
DA:48,0
DA:49,0
DA:50,0
DA:51,0
LF:17
LH:0
BRDA:23,0,0,0
BRDA:23,0,1,0
BRDA:23,1,0,0
BRDA:23,1,1,0
BRDA:23,1,2,0
BRDA:34,2,0,0
BRDA:34,2,1,0
BRDA:34,3,0,0
BRDA:34,3,1,0
BRDA:48,4,0,0
BRDA:48,4,1,0
BRDA:50,5,0,0
BRDA:50,5,1,0
BRDA:11,6,0,0
BRDA:11,6,1,0
BRDA:11,7,0,0
BRDA:11,7,1,0
BRF:17
BRH:0
end_of_record
TN:
SF:src/modules/auth/dto/login.dto.ts
FNF:0
FNH:0
DA:1,0
DA:2,0
DA:4,0
DA:7,0
DA:12,0
LF:5
LH:0
BRF:0
BRH:0
end_of_record
TN:
SF:src/modules/auth/guards/supabase-auth.guard.ts
FN:12,(anonymous_2)
FN:14,(anonymous_3)
FNF:2
FNH:0
FNDA:0,(anonymous_2)
FNDA:0,(anonymous_3)
DA:1,0
DA:7,0
DA:11,0
DA:12,0
DA:15,0
DA:18,0
DA:20,0
DA:21,0
DA:24,0
DA:25,0
DA:26,0
DA:28,0
LF:12
LH:0
BRDA:20,0,0,0
BRDA:20,0,1,0
BRDA:12,1,0,0
BRDA:12,1,1,0
BRDA:12,2,0,0
BRDA:12,2,1,0
BRF:6
BRH:0
end_of_record
TN:
SF:src/modules/doctors/doctors.controller.ts
FN:20,(anonymous_4)
FN:24,(anonymous_5)
FN:30,(anonymous_6)
FN:36,(anonymous_7)
FNF:4
FNH:0
FNDA:0,(anonymous_4)
FNDA:0,(anonymous_5)
FNDA:0,(anonymous_6)
FNDA:0,(anonymous_7)
DA:1,0
DA:10,0
DA:11,0
DA:12,0
DA:13,0
DA:19,0
DA:20,0
DA:24,0
DA:25,0
DA:30,0
DA:31,0
DA:36,0
DA:37,0
LF:13
LH:0
BRDA:24,0,0,0
BRDA:24,0,1,0
BRDA:24,1,0,0
BRDA:24,1,1,0
BRDA:20,2,0,0
BRDA:20,2,1,0
BRDA:20,3,0,0
BRDA:20,3,1,0
BRF:8
BRH:0
end_of_record
TN:
SF:src/modules/doctors/doctors.module.ts
FNF:0
FNH:0
DA:1,0
DA:2,0
DA:3,0
DA:4,0
DA:5,0
DA:13,0
LF:6
LH:0
BRF:0
BRH:0
end_of_record
TN:
SF:src/modules/doctors/doctors.repository.ts
FN:7,(anonymous_2)
FN:9,(anonymous_3)
FN:13,(anonymous_4)
FN:17,(anonymous_5)
FN:21,(anonymous_6)
FNF:5
FNH:0
FNDA:0,(anonymous_2)
FNDA:0,(anonymous_3)
FNDA:0,(anonymous_4)
FNDA:0,(anonymous_5)
FNDA:0,(anonymous_6)
DA:1,1
DA:3,1
DA:6,1
DA:7,0
DA:10,0
DA:14,0
DA:18,0
DA:22,0
LF:8
LH:3
BRDA:7,0,0,1
BRDA:7,0,1,0
BRDA:7,1,0,1
BRDA:7,1,1,1
BRF:4
BRH:3
end_of_record
TN:
SF:src/modules/doctors/doctors.service.ts
FN:12,(anonymous_2)
FN:14,(anonymous_3)
FN:36,(anonymous_4)
FN:40,(anonymous_5)
FNF:4
FNH:2
FNDA:5,(anonymous_2)
FNDA:6,(anonymous_3)
FNDA:0,(anonymous_4)
FNDA:0,(anonymous_5)
DA:1,1
DA:6,1
DA:7,1
DA:11,1
DA:12,5
DA:15,6
DA:17,6
DA:18,1
DA:21,5
DA:22,5
DA:25,3
DA:29,2
DA:32,1
DA:37,0
DA:41,0
DA:43,0
DA:44,0
DA:47,0
LF:18
LH:13
BRDA:17,0,0,1
BRDA:17,0,1,5
BRDA:25,1,0,2
BRDA:25,1,1,1
BRDA:26,2,0,3
BRDA:26,2,1,2
BRDA:43,3,0,0
BRDA:43,3,1,0
BRDA:12,4,0,1
BRDA:12,4,1,0
BRDA:12,5,0,1
BRDA:12,5,1,1
BRF:12
BRH:9
end_of_record
TN:
SF:src/modules/doctors/dto/create-doctor.dto.ts
FNF:0
FNH:0
DA:1,0
DA:2,0
DA:4,0
DA:7,0
DA:12,0
LF:5
LH:0
BRF:0
BRH:0
end_of_record
TN:
SF:src/modules/imaging-studies/imaging-studies.controller.ts
FN:21,(anonymous_4)
FN:25,(anonymous_5)
FN:32,(anonymous_6)
FN:42,(anonymous_7)
FNF:4
FNH:0
FNDA:0,(anonymous_4)
FNDA:0,(anonymous_5)
FNDA:0,(anonymous_6)
FNDA:0,(anonymous_7)
DA:1,0
DA:11,0
DA:12,0
DA:13,0
DA:14,0
DA:20,0
DA:21,0
DA:25,0
DA:26,0
DA:32,0
DA:35,0
DA:42,0
DA:43,0
LF:13
LH:0
BRDA:25,0,0,0
BRDA:25,0,1,0
BRDA:25,1,0,0
BRDA:25,1,1,0
BRDA:21,2,0,0
BRDA:21,2,1,0
BRDA:21,3,0,0
BRDA:21,3,1,0
BRF:8
BRH:0
end_of_record
TN:
SF:src/modules/imaging-studies/imaging-studies.module.ts
FNF:0
FNH:0
DA:1,0
DA:2,0
DA:3,0
DA:4,0
DA:5,0
DA:6,0
DA:14,0
LF:7
LH:0
BRF:0
BRH:0
end_of_record
TN:
SF:src/modules/imaging-studies/imaging-studies.repository.ts
FN:7,(anonymous_2)
FN:9,(anonymous_3)
FN:13,(anonymous_4)
FN:17,(anonymous_5)
FN:22,(anonymous_6)
FN:29,(anonymous_7)
FNF:6
FNH:0
FNDA:0,(anonymous_2)
FNDA:0,(anonymous_3)
FNDA:0,(anonymous_4)
FNDA:0,(anonymous_5)
FNDA:0,(anonymous_6)
FNDA:0,(anonymous_7)
DA:1,1
DA:3,1
DA:6,1
DA:7,0
DA:10,0
DA:14,0
DA:18,0
DA:23,0
DA:30,0
LF:9
LH:3
BRDA:7,0,0,1
BRDA:7,0,1,0
BRDA:7,1,0,1
BRDA:7,1,1,1
BRF:4
BRH:3
end_of_record
TN:
SF:src/modules/imaging-studies/imaging-studies.service.ts
FN:14,(anonymous_2)
FN:19,(anonymous_3)
FN:55,(anonymous_4)
FN:59,(anonymous_5)
FNF:4
FNH:2
FNDA:6,(anonymous_2)
FNDA:7,(anonymous_3)
FNDA:0,(anonymous_4)
FNDA:0,(anonymous_5)
DA:1,1
DA:7,1
DA:8,1
DA:9,1
DA:13,1
DA:15,6
DA:16,6
DA:20,7
DA:22,7
DA:23,1
DA:28,6
DA:30,6
DA:31,1
DA:34,5
DA:35,5
DA:44,3
DA:48,2
DA:51,1
DA:56,0
DA:60,0
DA:62,0
DA:63,0
DA:66,0
LF:23
LH:18
BRDA:22,0,0,1
BRDA:22,0,1,6
BRDA:30,1,0,1
BRDA:30,1,1,5
BRDA:44,2,0,2
BRDA:44,2,1,1
BRDA:45,3,0,3
BRDA:45,3,1,2
BRDA:62,4,0,0
BRDA:62,4,1,0
BRDA:15,5,0,1
BRDA:15,5,1,0
BRDA:15,6,0,1
BRDA:15,6,1,1
BRDA:15,7,0,1
BRDA:15,7,1,0
BRDA:15,8,0,1
BRDA:15,8,1,1
BRF:18
BRH:14
end_of_record
TN:
SF:src/modules/imaging-studies/dto/create-imaging-study.dto.ts
FNF:0
FNH:0
DA:1,0
DA:2,0
DA:4,0
DA:7,0
DA:11,0
DA:16,0
DA:21,0
DA:26,0
LF:8
LH:0
BRF:0
BRH:0
end_of_record
TN:
SF:src/modules/upload/upload.controller.ts
FN:12,(anonymous_4)
FN:18,(anonymous_5)
FNF:2
FNH:0
FNDA:0,(anonymous_4)
FNDA:0,(anonymous_5)
DA:1,0
DA:2,0
DA:3,0
DA:4,0
DA:5,0
DA:11,0
DA:12,0
DA:18,0
DA:19,0
LF:9
LH:0
BRDA:18,0,0,0
BRDA:18,0,1,0
BRDA:18,1,0,0
BRDA:18,1,1,0
BRDA:12,2,0,0
BRDA:12,2,1,0
BRDA:12,3,0,0
BRDA:12,3,1,0
BRF:8
BRH:0
end_of_record
TN:
SF:src/modules/upload/upload.module.ts
FNF:0
FNH:0
DA:1,0
DA:2,0
DA:3,0
DA:4,0
DA:12,0
LF:5
LH:0
BRF:0
BRH:0
end_of_record
TN:
SF:src/modules/upload/upload.service.ts
FN:9,(anonymous_2)
FN:15,(anonymous_3)
FN:40,(anonymous_4)
FNF:3
FNH:2
FNDA:4,(anonymous_2)
FNDA:5,(anonymous_3)
FNDA:0,(anonymous_4)
DA:1,2
DA:2,2
DA:5,2
DA:7,4
DA:9,4
DA:16,5
DA:18,5
DA:22,5
DA:23,2
DA:28,3
DA:41,0
DA:43,0
DA:47,0
DA:48,0
DA:53,0
LF:15
LH:10
BRDA:7,0,0,4
BRDA:7,0,1,4
BRDA:15,1,0,4
BRDA:22,2,0,2
BRDA:22,2,1,3
BRDA:22,3,0,5
BRDA:22,3,1,3
BRDA:24,4,0,2
BRDA:24,4,1,0
BRDA:40,5,0,0
BRDA:47,6,0,0
BRDA:47,6,1,0
BRDA:47,7,0,0
BRDA:47,7,1,0
BRDA:49,8,0,0
BRDA:49,8,1,0
BRDA:9,9,0,2
BRDA:9,9,1,0
BRDA:9,10,0,2
BRDA:9,10,1,2
BRF:20
BRH:11
end_of_record
TN:
SF:src/modules/upload/dto/create-signed-upload-url.dto.ts
FNF:0
FNH:0
DA:1,0
DA:2,0
DA:4,0
DA:12,0
DA:20,0
LF:5
LH:0
BRF:0
BRH:0
end_of_record
TN:
SF:src/prisma/prisma.module.ts
FNF:0
FNH:0
DA:1,0
DA:2,0
DA:9,0
LF:3
LH:0
BRF:0
BRH:0
end_of_record
TN:
SF:src/prisma/prisma.service.ts
FN:13,(anonymous_2)
FN:33,(anonymous_3)
FN:37,(anonymous_4)
FNF:3
FNH:0
FNDA:0,(anonymous_2)
FNDA:0,(anonymous_3)
FNDA:0,(anonymous_4)
DA:1,3
DA:6,3
DA:7,3
DA:10,3
DA:14,0
DA:16,0
DA:17,0
DA:20,0
DA:34,0
DA:38,0
LF:10
LH:4
BRDA:16,0,0,0
BRDA:16,0,1,0
BRF:2
BRH:0
end_of_record
TN:
SF:src/supabase/supabase.module.ts
FNF:0
FNH:0
DA:1,0
DA:2,0
DA:9,0
LF:3
LH:0
BRF:0
BRH:0
end_of_record
TN:
SF:src/supabase/supabase.service.ts
FN:8,(anonymous_2)
FNF:1
FNH:0
FNDA:0,(anonymous_2)
DA:1,2
DA:2,2
DA:5,2
DA:9,0
DA:10,0
DA:12,0
DA:13,0
DA:18,0
LF:8
LH:3
BRDA:12,0,0,0
BRDA:12,0,1,0
BRDA:12,1,0,0
BRDA:12,1,1,0
BRF:4
BRH:0
end_of_record
